20:04:28| ****************************************
20:04:28| Part 2
20:04:28| 
20:04:28| File: ./mazes/very-small.bmp
20:04:28| Number of drawing commands = 50
20:04:28| Number of threads created  = 1
20:04:41| 
20:04:41| File: ./mazes/very-small-loops.bmp
20:04:41| Number of drawing commands = 170
20:04:41| Number of threads created  = 2
20:04:42| 
20:04:42| File: ./mazes/small.bmp
20:04:42| Number of drawing commands = 1090
20:04:42| Number of threads created  = 3
20:04:42| 
20:04:42| File: ./mazes/small-loops.bmp
20:04:42| Number of drawing commands = 1090
20:04:42| Number of threads created  = 4
20:04:42| 
20:04:42| File: ./mazes/small-odd.bmp
20:04:43| Number of drawing commands = 1090
20:04:43| Number of threads created  = 5
20:04:43| 
20:04:43| File: ./mazes/small-open.bmp
20:04:43| Number of drawing commands = 1090
20:04:43| Number of threads created  = 6
20:04:43| 
20:04:43| File: ./mazes/large.bmp
20:04:43| Number of drawing commands = 16642
20:04:43| Number of threads created  = 7
20:04:44| 
20:04:44| File: ./mazes/large-loops.bmp
20:04:44| Number of drawing commands = 16642
20:04:44| Number of threads created  = 8
20:04:44| 
20:04:44| File: ./mazes/large-squares.bmp
20:04:44| Number of drawing commands = 16642
20:04:44| Number of threads created  = 9
20:04:48| 
20:04:48| File: ./mazes/large-open.bmp
20:04:48| Number of drawing commands = 3601
20:04:48| Number of threads created  = 10
20:04:48| ****************************************
