20:48:15| ****************************************
20:48:15| Part 2
20:48:15| 
20:48:15| File: ./mazes/very-small.bmp
20:48:15| Number of drawing commands = 50
20:48:15| Number of threads created  = 0
20:48:19| 
20:48:19| File: ./mazes/very-small-loops.bmp
20:48:19| Number of drawing commands = 170
20:48:19| Number of threads created  = 0
20:48:19| 
20:48:19| File: ./mazes/small.bmp
20:48:19| Number of drawing commands = 1090
20:48:19| Number of threads created  = 0
20:48:19| 
20:48:19| File: ./mazes/small-loops.bmp
20:48:19| Number of drawing commands = 1090
20:48:19| Number of threads created  = 0
20:48:20| 
20:48:20| File: ./mazes/small-odd.bmp
20:48:20| Number of drawing commands = 1090
20:48:20| Number of threads created  = 0
20:48:20| 
20:48:20| File: ./mazes/small-open.bmp
20:48:20| Number of drawing commands = 1090
20:48:20| Number of threads created  = 0
20:48:21| 
20:48:21| File: ./mazes/large.bmp
20:48:21| Number of drawing commands = 16642
20:48:21| Number of threads created  = 0
20:48:22| 
20:48:22| File: ./mazes/large-loops.bmp
20:48:22| Number of drawing commands = 16642
20:48:22| Number of threads created  = 0
20:48:22| 
20:48:22| File: ./mazes/large-squares.bmp
20:48:22| Number of drawing commands = 16642
20:48:22| Number of threads created  = 0
20:48:23| 
20:48:23| File: ./mazes/large-open.bmp
20:48:23| Number of drawing commands = 3601
20:48:23| Number of threads created  = 0
20:48:23| ****************************************
