20:03:32| ****************************************
20:03:32| Part 2
20:03:32| 
20:03:32| File: ./mazes/very-small.bmp
20:03:32| Number of drawing commands = 50
20:03:32| Number of threads created  = 1
20:03:36| 
20:03:36| File: ./mazes/very-small-loops.bmp
20:03:36| Number of drawing commands = 170
20:03:36| Number of threads created  = 2
20:03:36| 
20:03:36| File: ./mazes/small.bmp
20:03:36| Number of drawing commands = 1090
20:03:36| Number of threads created  = 3
20:03:37| 
20:03:37| File: ./mazes/small-loops.bmp
20:03:37| Number of drawing commands = 1090
20:03:37| Number of threads created  = 4
20:03:38| 
20:03:38| File: ./mazes/small-odd.bmp
20:03:38| Number of drawing commands = 1090
20:03:38| Number of threads created  = 5
20:03:38| 
20:03:38| File: ./mazes/small-open.bmp
20:03:38| Number of drawing commands = 1090
20:03:38| Number of threads created  = 6
20:03:39| 
20:03:39| File: ./mazes/large.bmp
20:03:39| Number of drawing commands = 16642
20:03:39| Number of threads created  = 7
20:03:40| 
20:03:40| File: ./mazes/large-loops.bmp
20:03:40| Number of drawing commands = 16642
20:03:40| Number of threads created  = 8
20:03:40| 
20:03:40| File: ./mazes/large-squares.bmp
20:03:40| Number of drawing commands = 16642
20:03:40| Number of threads created  = 9
20:03:41| 
20:03:41| File: ./mazes/large-open.bmp
20:03:41| Number of drawing commands = 3601
20:03:41| Number of threads created  = 10
20:03:41| ****************************************
