19:29:34| ****************************************
19:29:34| Part 2
19:29:34| 
19:29:34| File: ./mazes/very-small.bmp
19:29:34| Number of drawing commands = 50
19:29:34| Number of threads created  = 1
19:29:35| 
19:29:35| File: ./mazes/very-small-loops.bmp
19:29:35| Number of drawing commands = 170
19:29:35| Number of threads created  = 1
19:29:35| 
19:29:35| File: ./mazes/small.bmp
19:29:35| Number of drawing commands = 1090
19:29:35| Number of threads created  = 1
19:29:36| 
19:29:36| File: ./mazes/small-loops.bmp
19:29:36| Number of drawing commands = 1090
19:29:36| Number of threads created  = 1
19:29:36| 
19:29:36| File: ./mazes/small-odd.bmp
19:29:36| Number of drawing commands = 1090
19:29:36| Number of threads created  = 1
19:29:36| 
19:29:36| File: ./mazes/small-open.bmp
19:29:36| Number of drawing commands = 1090
19:29:36| Number of threads created  = 1
19:29:36| 
19:29:36| File: ./mazes/large.bmp
19:29:36| Number of drawing commands = 16642
19:29:36| Number of threads created  = 1
19:29:37| 
19:29:37| File: ./mazes/large-loops.bmp
19:29:37| Number of drawing commands = 16642
19:29:37| Number of threads created  = 1
19:29:37| 
19:29:37| File: ./mazes/large-squares.bmp
19:29:37| Number of drawing commands = 16642
19:29:37| Number of threads created  = 1
19:29:37| 
19:29:37| File: ./mazes/large-open.bmp
19:29:37| Number of drawing commands = 3601
19:29:37| Number of threads created  = 1
19:29:38| ****************************************
