19:25:01| ****************************************
19:25:01| Part 2
19:25:01| 
19:25:01| File: ./mazes/very-small.bmp
19:25:01| Number of drawing commands = 50
19:25:01| Number of threads created  = 1
19:25:03| 
19:25:03| File: ./mazes/very-small-loops.bmp
19:25:03| Number of drawing commands = 170
19:25:03| Number of threads created  = 1
19:25:03| 
19:25:03| File: ./mazes/small.bmp
19:25:03| Number of drawing commands = 1090
19:25:03| Number of threads created  = 1
19:25:03| 
19:25:03| File: ./mazes/small-loops.bmp
19:25:03| Number of drawing commands = 1090
19:25:03| Number of threads created  = 1
19:25:03| 
19:25:03| File: ./mazes/small-odd.bmp
19:25:03| Number of drawing commands = 1090
19:25:03| Number of threads created  = 1
19:25:03| 
19:25:03| File: ./mazes/small-open.bmp
19:25:03| Number of drawing commands = 1090
19:25:03| Number of threads created  = 1
19:25:04| 
19:25:04| File: ./mazes/large.bmp
19:25:04| Number of drawing commands = 16642
19:25:04| Number of threads created  = 1
19:25:04| 
19:25:04| File: ./mazes/large-loops.bmp
19:25:04| Number of drawing commands = 16642
19:25:04| Number of threads created  = 1
19:25:05| 
19:25:05| File: ./mazes/large-squares.bmp
19:25:05| Number of drawing commands = 16642
19:25:05| Number of threads created  = 1
19:25:05| 
19:25:05| File: ./mazes/large-open.bmp
19:25:05| Number of drawing commands = 3601
19:25:05| Number of threads created  = 1
19:25:06| ****************************************
