19:20:01| ****************************************
19:20:01| Part 2
19:20:01| 
19:20:01| File: ./mazes/very-small.bmp
19:20:01| Number of drawing commands = 50
19:20:01| Number of threads created  = 1
19:20:04| 
19:20:04| File: ./mazes/very-small-loops.bmp
19:20:04| Number of drawing commands = 170
19:20:04| Number of threads created  = 1
19:20:04| 
19:20:04| File: ./mazes/small.bmp
19:20:04| Number of drawing commands = 1090
19:20:04| Number of threads created  = 1
19:20:05| 
19:20:05| File: ./mazes/small-loops.bmp
19:20:05| Number of drawing commands = 1090
19:20:05| Number of threads created  = 1
19:20:05| 
19:20:05| File: ./mazes/small-odd.bmp
19:20:05| Number of drawing commands = 1090
19:20:05| Number of threads created  = 1
19:20:06| 
19:20:06| File: ./mazes/small-open.bmp
19:20:06| Number of drawing commands = 1090
19:20:06| Number of threads created  = 1
19:20:06| 
19:20:06| File: ./mazes/large.bmp
19:20:06| Number of drawing commands = 16642
19:20:06| Number of threads created  = 1
19:20:07| 
19:20:07| File: ./mazes/large-loops.bmp
19:20:07| Number of drawing commands = 16642
19:20:07| Number of threads created  = 1
19:20:07| 
19:20:07| File: ./mazes/large-squares.bmp
19:20:07| Number of drawing commands = 16642
19:20:07| Number of threads created  = 1
19:20:08| 
19:20:08| File: ./mazes/large-open.bmp
19:20:08| Number of drawing commands = 3601
19:20:08| Number of threads created  = 1
19:22:05| ****************************************
