19:38:11| ****************************************
19:38:11| Part 2
19:38:11| 
19:38:11| File: ./mazes/very-small.bmp
19:38:11| Number of drawing commands = 86
19:38:11| Number of threads created  = 3
19:38:15| 
19:38:15| File: ./mazes/very-small-loops.bmp
19:38:15| Number of drawing commands = 404
19:38:15| Number of threads created  = 7
19:38:30| 
19:38:30| File: ./mazes/small.bmp
19:38:30| Number of drawing commands = 2010
19:38:30| Number of threads created  = 20
19:38:36| 
19:38:36| File: ./mazes/small-loops.bmp
19:38:36| Number of drawing commands = 2592
19:38:36| Number of threads created  = 30
19:38:41| 
19:38:41| File: ./mazes/small-odd.bmp
19:38:41| Number of drawing commands = 3042
19:38:41| Number of threads created  = 157
19:38:46| 
19:38:46| File: ./mazes/small-open.bmp
19:38:46| Number of drawing commands = 3608
19:38:46| Number of threads created  = 550
19:38:49| 
19:38:49| File: ./mazes/large.bmp
19:38:49| Number of drawing commands = 42722
19:38:49| Number of threads created  = 374
