Current: active threads / max count: 1 / 1
Request: /
Sending: {"start_family_id": 5000616161}
Current: active threads / max count: 1 / 1
Request: /start/6
Creating family tree with 6 generations...
Number of people  : 461
Number of families: 63
Sending: {"status":"OK"}
Current: active threads / max count: 1 / 1
Request: /end
################################################################################
Total number of people  : 461
Total number of families: 63
Number of generations   : 6
Families were requested in this order:

Total number of API calls: 2
Final thread count (max count): 1
################################################################################
Sending: {"status": "OK", "people": 461, "families": 63, "api": 2, "threads": 1}
Current: active threads / max count: 1 / 1
Request: /start/6
Creating family tree with 6 generations...
Number of people  : 446
Number of families: 63
Sending: {"status":"OK"}
Current: active threads / max count: 1 / 1
Request: /family/5000616161
Sending: {"id": 5000616161, "husband_id": 5000616161, "wife_id": 5000955715, "children": [5001563557, 5001918471, 5002258281, 5002866123, 5004269613]}
Current: active threads / max count: 1 / 1
Request: /person/5000616161
Current: active threads / max count: 2 / 2
Request: /person/5001918471
Current: active threads / max count: 3 / 3
Request: /person/5000955715
Current: active threads / max count: 4 / 4
Request: /person/5002258281
Current: active threads / max count: 5 / 5
Current: active threads / max count: 6 / 6
Request: /person/5002866123
Request: /person/5001563557
Current: active threads / max count: 7 / 7
Request: /person/5004269613
Sending: {"id": 5000616161, "name": "Alexander", "birth": "15-5-1768", "parent_id": 5000955715, "family_id": 5000616161}
Sending: {"id": 5000955715, "name": "Mila", "birth": "4-6-1836", "parent_id": 5019831329, "family_id": 5000616161}
Sending: {"id": 5001918471, "name": "Everly", "birth": "7-8-1896", "parent_id": null, "family_id": null}
Sending: {"id": 5002258281, "name": "Emma", "birth": "7-3-1758", "parent_id": null, "family_id": null}
Sending: {"id": 5004269613, "name": "Mila", "birth": "11-6-1930", "parent_id": null, "family_id": null}
Sending: {"id": 5002866123, "name": "Ella", "birth": "30-4-1807", "parent_id": null, "family_id": null}
Sending: {"id": 5001563557, "name": "Scarlett", "birth": "15-1-1760", "parent_id": null, "family_id": null}
Current: active threads / max count: 1 / 7
Request: /family/5000955715
Sending: {"id": 5000955715, "husband_id": 5004609167, "wife_id": 5005217265, "children": [5005572179, 5005911733, 5006519575, 5007923321, 5008262875, 5008870717, 5000616161]}
Current: active threads / max count: 1 / 7
Request: /person/5005217265
Current: active threads / max count: 2 / 7
Request: /person/5004609167
Current: active threads / max count: 3 / 7
Request: /person/5005572179
Current: active threads / max count: 4 / 7
Request: /person/5007923321
Current: active threads / max count: 5 / 7
Request: /person/5006519575
Current: active threads / max count: 6 / 7
Request: /person/5005911733
Current: active threads / max count: 7 / 7
Request: /person/5008262875
Current: active threads / max count: 8 / 8
Request: /person/5008870717
Sending: {"id": 5005217265, "name": "Harper", "birth": "6-1-1939", "parent_id": 5010173283, "family_id": 5000955715}
Sending: {"id": 5004609167, "name": "Jack", "birth": "12-11-1772", "parent_id": 5001563557, "family_id": 5000955715}
Sending: {"id": 5006519575, "name": "Natalie", "birth": "21-8-1761", "parent_id": null, "family_id": null}
Sending: {"id": 5005572179, "name": "Wyatt", "birth": "7-7-1963", "parent_id": null, "family_id": null}
Sending: {"id": 5007923321, "name": "Aurora", "birth": "7-9-1914", "parent_id": null, "family_id": null}
Sending: {"id": 5008870717, "name": "Ezra", "birth": "10-3-1829", "parent_id": null, "family_id": null}
Sending: {"id": 5008262875, "name": "Lucy", "birth": "11-11-1956", "parent_id": null, "family_id": null}
Sending: {"id": 5005911733, "name": "Layla", "birth": "5-6-1991", "parent_id": null, "family_id": null}
Current: active threads / max count: 1 / 8
Request: /family/5019831329
Sending: {"id": 5019831329, "husband_id": 4870221097, "wife_id": 4871625611, "children": [4871964397, 4872572239, 4872928177, 4873266707, 5000955715]}
Current: active threads / max count: 1 / 8
Request: /person/4870221097
Current: active threads / max count: 2 / 8
Request: /person/4872928177
Current: active threads / max count: 3 / 8
Request: /person/4871964397
Current: active threads / max count: 4 / 8
Request: /person/4871625611
Current: active threads / max count: 5 / 8
Request: /person/4873266707
Current: active threads / max count: 6 / 8
Request: /person/4872572239
Sending: {"id": 4871964397, "name": "Emily", "birth": "13-3-1962", "parent_id": null, "family_id": null}
Sending: {"id": 4870221097, "name": "Leo", "birth": "19-7-1815", "parent_id": 5020449411, "family_id": 5019831329}
Sending: {"id": 4872928177, "name": "Josiah", "birth": "21-11-1880", "parent_id": null, "family_id": null}
Sending: {"id": 4873266707, "name": "Olivia", "birth": "7-4-1983", "parent_id": null, "family_id": null}
Sending: {"id": 4872572239, "name": "Isaac", "birth": "3-11-1979", "parent_id": null, "family_id": null}
Sending: {"id": 4871625611, "name": "Sofia", "birth": "5-7-1794", "parent_id": 5029059137, "family_id": 5019831329}
Current: active threads / max count: 1 / 8
Request: /family/5001563557
Sending: {"id": 5001563557, "husband_id": 5009226655, "wife_id": 5009827329, "children": [5010173283, 5011577797, 5012178471, 5012524169, 5012880363, 5013481037, 5013826735, 5004609167]}
Current: active threads / max count: 1 / 8
Request: /person/5009827329
Current: active threads / max count: 2 / 8
Request: /person/5011577797
Current: active threads / max count: 3 / 8
Request: /person/5010173283
Current: active threads / max count: 4 / 8
Request: /person/5009226655
Current: active threads / max count: 5 / 8
Request: /person/5012880363
Current: active threads / max count: 6 / 8
Request: /person/5012524169
Current: active threads / max count: 7 / 8
Request: /person/5013481037
Current: active threads / max count: 8 / 8
Request: /person/5012178471
Current: active threads / max count: 9 / 9
Request: /person/5013826735
Sending: {"id": 5009827329, "name": "Addison", "birth": "14-2-1814", "parent_id": 5005911733, "family_id": 5001563557}
Sending: {"id": 5010173283, "name": "Mia", "birth": "20-10-1943", "parent_id": null, "family_id": null}
Sending: {"id": 5009226655, "name": "Benjamin", "birth": "22-8-1981", "parent_id": 5001918471, "family_id": 5001563557}
Sending: {"id": 5011577797, "name": "Oliver", "birth": "4-9-1767", "parent_id": null, "family_id": null}
Sending: {"id": 5012880363, "name": "Chloe", "birth": "24-5-2012", "parent_id": null, "family_id": null}
Sending: {"id": 5012524169, "name": "Theodore", "birth": "11-7-1832", "parent_id": null, "family_id": null}
Sending: {"id": 5013481037, "name": "Abigail", "birth": "27-1-1974", "parent_id": null, "family_id": null}
Sending: {"id": 5013826735, "name": "Evelyn", "birth": "27-2-2000", "parent_id": null, "family_id": null}
Sending: {"id": 5012178471, "name": "Willow", "birth": "4-2-1774", "parent_id": null, "family_id": null}
Current: active threads / max count: 1 / 9
Request: /family/5010173283
Sending: {"id": 5010173283, "husband_id": 5084385717, "wife_id": 5084732439, "children": [5085072249, 5085688283, 5087083581, 5087685279, 5088039169, 5088386147, 5005217265]}
Current: active threads / max count: 1 / 9
Request: /person/5084385717
Current: active threads / max count: 2 / 9
Request: /person/5085072249
Current: active threads / max count: 3 / 9
Request: /person/5084732439
Current: active threads / max count: 4 / 9
Request: /person/5087083581
Current: active threads / max count: 5 / 9
Request: /person/5085688283
Current: active threads / max count: 6 / 9
Request: /person/5087685279
Current: active threads / max count: 7 / 9
Request: /person/5088039169
Current: active threads / max count: 8 / 9
Request: /person/5088386147
Sending: {"id": 5087083581, "name": "Mason", "birth": "13-12-1976", "parent_id": null, "family_id": null}
Sending: {"id": 5084385717, "name": "Mateo", "birth": "27-4-1755", "parent_id": 5011577797, "family_id": 5010173283}
Sending: {"id": 5087685279, "name": "Harper", "birth": "2-2-1916", "parent_id": null, "family_id": null}
Sending: {"id": 5085072249, "name": "Samuel", "birth": "10-12-1754", "parent_id": null, "family_id": null}
Sending: {"id": 5084732439, "name": "Olivia", "birth": "19-1-1965", "parent_id": 5015832179, "family_id": 5010173283}
Sending: {"id": 5085688283, "name": "Madison", "birth": "11-8-1937", "parent_id": null, "family_id": null}
Sending: {"id": 5088039169, "name": "Mia", "birth": "16-10-1866", "parent_id": null, "family_id": null}
Sending: {"id": 5088386147, "name": "Carter", "birth": "17-10-1913", "parent_id": null, "family_id": null}
Current: active threads / max count: 1 / 9
Request: /family/5020449411
Sending: {"id": 5020449411, "husband_id": 4873874805, "wife_id": 4875279319, "children": [4875617849, 4876225691, 4876581885, 4877182559, 4877528257, 4878932771, 4879532421, 4870221097]}
Current: active threads / max count: 1 / 9
Request: /person/4875279319
Current: active threads / max count: 2 / 9
Request: /person/4876225691
Current: active threads / max count: 3 / 9
Request: /person/4873874805
Current: active threads / max count: 4 / 9
Request: /person/4875617849
Current: active threads / max count: 5 / 9
Request: /person/4876581885
Current: active threads / max count: 6 / 9
Request: /person/4877182559
Current: active threads / max count: 7 / 9
Request: /person/4878932771
Current: active threads / max count: 8 / 9
Current: active threads / max count: 9 / 9
Request: /person/4877528257
Request: /person/4879532421
Sending: {"id": 4876225691, "name": "Matthew", "birth": "15-11-1832", "parent_id": null, "family_id": null}
Sending: {"id": 4875279319, "name": "Isabella", "birth": "30-7-2003", "parent_id": 5024788371, "family_id": 5020449411}
Sending: {"id": 4873874805, "name": "Elijah", "birth": "18-11-1980", "parent_id": 5020787173, "family_id": 5020449411}
Sending: {"id": 4875617849, "name": "Andrew", "birth": "20-1-1915", "parent_id": null, "family_id": null}
Sending: {"id": 4876581885, "name": "Lucy", "birth": "28-8-1788", "parent_id": null, "family_id": null}
Sending: {"id": 4878932771, "name": "Jack", "birth": "3-9-1867", "parent_id": null, "family_id": null}
Sending: {"id": 4877182559, "name": "James", "birth": "10-11-1923", "parent_id": null, "family_id": null}
Sending: {"id": 4877528257, "name": "Zoe", "birth": "29-10-1870", "parent_id": null, "family_id": null}
Sending: {"id": 4879532421, "name": "Avery", "birth": "28-6-1803", "parent_id": null, "family_id": null}
Current: active threads / max count: 1 / 9
Request: /family/5029059137
Sending: {"id": 5029059137, "husband_id": 4937812903, "wife_id": 4939216393, "children": [4939824491, 4940164045, 4940518959, 4941126801, 4941466611, 4942870101, 4871625611]}
Current: active threads / max count: 1 / 9
Request: /person/4939216393
Current: active threads / max count: 2 / 9
Request: /person/4937812903
Current: active threads / max count: 3 / 9
Request: /person/4939824491
Current: active threads / max count: 4 / 9
Request: /person/4940518959
Current: active threads / max count: 5 / 9
Request: /person/4940164045
Current: active threads / max count: 6 / 9
Request: /person/4941126801
Current: active threads / max count: 7 / 9
Request: /person/4941466611
Current: active threads / max count: 8 / 9
Request: /person/4942870101
Sending: {"id": 4939216393, "name": "Abigail", "birth": "14-3-1860", "parent_id": 4967599953, "family_id": 5029059137}
Sending: {"id": 4940164045, "name": "Madison", "birth": "24-9-1865", "parent_id": null, "family_id": null}
Sending: {"id": 4937812903, "name": "Dylan", "birth": "23-5-1863", "parent_id": 5030445219, "family_id": 5029059137}
Sending: {"id": 4942870101, "name": "Luke", "birth": "23-11-1816", "parent_id": null, "family_id": null}
Sending: {"id": 4941466611, "name": "Charlotte", "birth": "2-5-1881", "parent_id": null, "family_id": null}
Sending: {"id": 4941126801, "name": "Madison", "birth": "26-6-1855", "parent_id": null, "family_id": null}
Sending: {"id": 4940518959, "name": "Amelia", "birth": "27-2-1996", "parent_id": null, "family_id": null}
Sending: {"id": 4939824491, "name": "Andrew", "birth": "13-8-1836", "parent_id": null, "family_id": null}
Current: active threads / max count: 1 / 9
Request: /family/5001918471
Sending: {"id": 5001918471, "husband_id": 5015231249, "wife_id": 5015832179, "children": [5016177877, 5016533815, 5017133465, 5017480443, 5018884957, 5019484607, 5019831329, 5020449411, 5009226655]}
Current: active threads / max count: 1 / 9
Request: /person/5016533815
Current: active threads / max count: 2 / 9
Current: active threads / max count: 3 / 9
Request: /person/5015231249
Request: /person/5015832179
Current: active threads / max count: 4 / 9
Request: /person/5018884957
Current: active threads / max count: 5 / 9
Request: /person/5017133465
Current: active threads / max count: 6 / 9
Request: /person/5017480443
Current: active threads / max count: 7 / 9
Request: /person/5016177877
Current: active threads / max count: 8 / 9
Request: /person/5019484607
Current: active threads / max count: 9 / 9
Request: /person/5019831329
Current: active threads / max count: 10 / 10
Request: /person/5020449411
Sending: {"id": 5016533815, "name": "Samuel", "birth": "24-2-1878", "parent_id": null, "family_id": null}
Sending: {"id": 5016177877, "name": "Jaxon", "birth": "8-7-1998", "parent_id": null, "family_id": null}
Sending: {"id": 5015231249, "name": "Oliver", "birth": "29-4-1893", "parent_id": 5002258281, "family_id": 5001918471}
Sending: {"id": 5019831329, "name": "Natalie", "birth": "18-1-1982", "parent_id": null, "family_id": null}
Sending: {"id": 5017133465, "name": "Aurora", "birth": "10-4-1856", "parent_id": null, "family_id": null}
Sending: {"id": 5017480443, "name": "Nora", "birth": "29-11-1903", "parent_id": null, "family_id": null}
Sending: {"id": 5019484607, "name": "Isabella", "birth": "14-3-1859", "parent_id": null, "family_id": null}
Sending: {"id": 5015832179, "name": "Emily", "birth": "10-4-1928", "parent_id": 5004609167, "family_id": 5001918471}
Sending: {"id": 5018884957, "name": "John", "birth": "20-7-1850", "parent_id": null, "family_id": null}
Sending: {"id": 5020449411, "name": "Bella", "birth": "31-1-1953", "parent_id": null, "family_id": null}
Current: active threads / max count: 1 / 10
Request: /family/5005911733
Sending: {"id": 5005911733, "husband_id": 4984132617, "wife_id": 4984472427, "children": [4985866701, 4986483759, 4986823313, 4987169267, 4987786325, 4988125879, 4989520153, 4990137467, 5009827329]}
Current: active threads / max count: 1 / 10
Current: active threads / max count: 2 / 10
Request: /person/4984472427
Request: /person/4986483759
Current: active threads / max count: 3 / 10
Request: /person/4987169267
Current: active threads / max count: 4 / 10
Request: /person/4984132617
Current: active threads / max count: 5 / 10
Request: /person/4985866701
Current: active threads / max count: 6 / 10
Request: /person/4986823313
Current: active threads / max count: 7 / 10
Request: /person/4987786325
Current: active threads / max count: 8 / 10
Request: /person/4988125879
Current: active threads / max count: 9 / 10
Request: /person/4989520153
Current: active threads / max count: 10 / 10
Request: /person/4990137467
Sending: {"id": 4986483759, "name": "Christopher", "birth": "30-10-1795", "parent_id": null, "family_id": null}
Sending: {"id": 4984472427, "name": "Emily", "birth": "8-2-1778", "parent_id": 5008870717, "family_id": 5005911733}
Sending: {"id": 4984132617, "name": "Andrew", "birth": "10-12-1871", "parent_id": 5006519575, "family_id": 5005911733}
Sending: {"id": 4986823313, "name": "Josiah", "birth": "29-6-2007", "parent_id": null, "family_id": null}
Sending: {"id": 4985866701, "name": "Camila", "birth": "23-8-1875", "parent_id": null, "family_id": null}
Sending: {"id": 4990137467, "name": "Audrey", "birth": "23-11-1858", "parent_id": null, "family_id": null}
Sending: {"id": 4989520153, "name": "Asher", "birth": "16-12-1828", "parent_id": null, "family_id": null}
Sending: {"id": 4987169267, "name": "Mia", "birth": "28-6-1999", "parent_id": null, "family_id": null}
Sending: {"id": 4988125879, "name": "Lucas", "birth": "8-6-1756", "parent_id": null, "family_id": null}
Sending: {"id": 4987786325, "name": "Stella", "birth": "5-6-1986", "parent_id": null, "family_id": null}
Current: active threads / max count: 1 / 10
Request: /family/5011577797
Sending: {"id": 5011577797, "husband_id": 5088987845, "wife_id": 5089341735, "children": [5090738057, 5091338987, 5091692877, 5092040623, 5084385717]}
Current: active threads / max count: 1 / 10
Request: /person/5088987845
Current: active threads / max count: 2 / 10
Request: /person/5090738057
Current: active threads / max count: 3 / 10
Request: /person/5089341735
Current: active threads / max count: 4 / 10
Request: /person/5091338987
Current: active threads / max count: 5 / 10
Request: /person/5091692877
Current: active threads / max count: 6 / 10
Request: /person/5092040623
Sending: {"id": 5088987845, "name": "Lincoln", "birth": "23-5-1899", "parent_id": 5012178471, "family_id": 5011577797}
Sending: {"id": 5091338987, "name": "Logan", "birth": "21-6-1873", "parent_id": null, "family_id": null}
Sending: {"id": 5091692877, "name": "Charlotte", "birth": "24-7-1759", "parent_id": null, "family_id": null}
Sending: {"id": 5089341735, "name": "Everly", "birth": "28-10-1859", "parent_id": 5013481037, "family_id": 5011577797}
Sending: {"id": 5090738057, "name": "Zoey", "birth": "7-2-1859", "parent_id": null, "family_id": null}
Sending: {"id": 5092040623, "name": "Charlotte", "birth": "21-10-1780", "parent_id": null, "family_id": null}
Current: active threads / max count: 1 / 10
Request: /family/5015832179
Sending: {"id": 5015832179, "husband_id": 5044417519, "wife_id": 5044764241, "children": [5046150323, 5046768405, 5047115383, 5084732439]}
Current: active threads / max count: 1 / 10
Request: /person/5044764241
Current: active threads / max count: 2 / 10
Request: /person/5044417519
Current: active threads / max count: 3 / 10
Request: /person/5047115383
Current: active threads / max count: 4 / 10
Request: /person/5046768405
Current: active threads / max count: 5 / 10
Request: /person/5046150323
Sending: {"id": 5044764241, "name": "Chloe", "birth": "4-10-1981", "parent_id": 5017480443, "family_id": 5015832179}
Sending: {"id": 5044417519, "name": "Grayson", "birth": "6-6-2012", "parent_id": 5016177877, "family_id": 5015832179}
Sending: {"id": 5046768405, "name": "Gabriel", "birth": "19-8-1809", "parent_id": null, "family_id": null}
Sending: {"id": 5047115383, "name": "Sofia", "birth": "25-8-1916", "parent_id": null, "family_id": null}
Sending: {"id": 5046150323, "name": "Zoey", "birth": "26-10-1984", "parent_id": null, "family_id": null}
Current: active threads / max count: 1 / 10
Request: /family/5020787173
Sending: {"id": 5020787173, "husband_id": 4879879399, "wife_id": 4880235337, "children": [4880834987, 4881181709, 4882586479, 4873874805]}
Current: active threads / max count: 1 / 10
Request: /person/4881181709
Current: active threads / max count: 2 / 10
Request: /person/4880834987
Current: active threads / max count: 3 / 10
Request: /person/4882586479
Current: active threads / max count: 4 / 10
Request: /person/4880235337
Current: active threads / max count: 5 / 10
Request: /person/4879879399
Sending: {"id": 4881181709, "name": "Grace", "birth": "11-11-1852", "parent_id": null, "family_id": null}
Sending: {"id": 4880235337, "name": "Mila", "birth": "5-10-1900", "parent_id": 5023485037, "family_id": 5020787173}
Sending: {"id": 4879879399, "name": "Oliver", "birth": "2-11-1869", "parent_id": 5021133895, "family_id": 5020787173}
Sending: {"id": 4880834987, "name": "Audrey", "birth": "16-1-2003", "parent_id": null, "family_id": null}
Sending: {"id": 4882586479, "name": "Owen", "birth": "10-2-1949", "parent_id": null, "family_id": null}
Current: active threads / max count: 1 / 10
Request: /family/5024788371
Sending: {"id": 5024788371, "husband_id": 4837999513, "wife_id": 4838608635, "children": [4838962525, 4839564223, 4839910945, 4840264835, 4875279319]}
Current: active threads / max count: 1 / 10
Request: /person/4838962525
Current: active threads / max count: 2 / 10
Request: /person/4838608635
Current: active threads / max count: 3 / 10
Request: /person/4837999513
Current: active threads / max count: 4 / 10
Request: /person/4839564223
Current: active threads / max count: 5 / 10
Request: /person/4839910945
Current: active threads / max count: 6 / 10
Request: /person/4840264835
Sending: {"id": 4838962525, "name": "Isaac", "birth": "9-4-1876", "parent_id": null, "family_id": null}
Sending: {"id": 4838608635, "name": "Charlotte", "birth": "9-6-1957", "parent_id": 5027756571, "family_id": 5024788371}
Sending: {"id": 4837999513, "name": "Elijah", "birth": "14-5-1798", "parent_id": 5025405685, "family_id": 5024788371}
Sending: {"id": 4839564223, "name": "Anthony", "birth": "4-9-1763", "parent_id": null, "family_id": null}
Sending: {"id": 4839910945, "name": "Isaac", "birth": "29-10-1972", "parent_id": null, "family_id": null}
Sending: {"id": 4840264835, "name": "Hazel", "birth": "10-12-1921", "parent_id": null, "family_id": null}
Current: active threads / max count: 1 / 10
Request: /family/5030445219
Sending: {"id": 5030445219, "husband_id": 4943477943, "wife_id": 4943817497, "children": [4944172667, 4944780509, 4945120063, 4945736097, 4947131395, 4937812903]}
Current: active threads / max count: 1 / 10
Request: /person/4943477943
Current: active threads / max count: 2 / 10
Request: /person/4943817497
Current: active threads / max count: 3 / 10
Request: /person/4944172667
Current: active threads / max count: 4 / 10
Request: /person/4944780509
Current: active threads / max count: 5 / 10
Request: /person/4945736097
Current: active threads / max count: 6 / 10
Request: /person/4945120063
Current: active threads / max count: 7 / 10
Request: /person/4947131395
Sending: {"id": 4944172667, "name": "Mason", "birth": "14-8-1829", "parent_id": null, "family_id": null}
Sending: {"id": 4943477943, "name": "Lincoln", "birth": "17-3-1837", "parent_id": 5031055109, "family_id": 5030445219}
Sending: {"id": 4943817497, "name": "Madison", "birth": "22-10-1969", "parent_id": 5032357675, "family_id": 5030445219}
Sending: {"id": 4945736097, "name": "Logan", "birth": "24-6-2000", "parent_id": null, "family_id": null}
Sending: {"id": 4944780509, "name": "Harper", "birth": "7-7-1836", "parent_id": null, "family_id": null}
Sending: {"id": 4947131395, "name": "Levi", "birth": "14-7-1888", "parent_id": null, "family_id": null}
Sending: {"id": 4945120063, "name": "Logan", "birth": "15-5-1813", "parent_id": null, "family_id": null}
Current: active threads / max count: 1 / 10
Request: /family/4967599953
Sending: {"id": 4967599953, "husband_id": 4903847251, "wife_id": 4904203189, "children": [4904812055, 4906198393, 4906554331, 4907163197, 4939216393]}
Current: active threads / max count: 1 / 10
Request: /person/4904812055
Current: active threads / max count: 2 / 10
Request: /person/4903847251
Current: active threads / max count: 3 / 10
Request: /person/4906198393
Current: active threads / max count: 4 / 10
Request: /person/4904203189
Current: active threads / max count: 5 / 10
Request: /person/4907163197
Current: active threads / max count: 6 / 10
Request: /person/4906554331
Sending: {"id": 4907163197, "name": "Addison", "birth": "5-11-1936", "parent_id": null, "family_id": null}
Sending: {"id": 4906554331, "name": "Layla", "birth": "18-3-1973", "parent_id": null, "family_id": null}
Sending: {"id": 4903847251, "name": "Theodore", "birth": "20-7-1831", "parent_id": 4967953843, "family_id": 4967599953}
Sending: {"id": 4906198393, "name": "Ava", "birth": "6-6-1754", "parent_id": null, "family_id": null}
Sending: {"id": 4904812055, "name": "Dylan", "birth": "18-2-1812", "parent_id": null, "family_id": null}
Sending: {"id": 4904203189, "name": "Zoe", "birth": "5-7-1891", "parent_id": 4969256409, "family_id": 4967599953}
Current: active threads / max count: 1 / 10
Request: /family/5002258281
Sending: {"id": 5002258281, "husband_id": 5020787173, "wife_id": 5021133895, "children": [5021751977, 5023138059, 5023485037, 5024103119, 5015231249]}
Current: active threads / max count: 1 / 10
Request: /person/5023138059
Current: active threads / max count: 2 / 10
Request: /person/5024103119
Current: active threads / max count: 3 / 10
Request: /person/5021751977
Current: active threads / max count: 4 / 10
Request: /person/5023485037
Current: active threads / max count: 5 / 10
Request: /person/5021133895
Current: active threads / max count: 6 / 10
Request: /person/5020787173
Sending: {"id": 5023138059, "name": "Leo", "birth": "12-2-1771", "parent_id": null, "family_id": null}
Sending: {"id": 5020787173, "name": "Liam", "birth": "3-5-1760", "parent_id": 5002866123, "family_id": 5002258281}
Sending: {"id": 5024103119, "name": "Elijah", "birth": "15-8-1994", "parent_id": null, "family_id": null}
Sending: {"id": 5023485037, "name": "Joseph", "birth": "6-3-2011", "parent_id": null, "family_id": null}
Sending: {"id": 5021133895, "name": "Zoe", "birth": "16-6-1993", "parent_id": 5004269613, "family_id": 5002258281}
Sending: {"id": 5021751977, "name": "Asher", "birth": "14-6-1817", "parent_id": null, "family_id": null}
Current: active threads / max count: 1 / 10
Request: /family/5004609167
Sending: {"id": 5004609167, "husband_id": 4966990063, "wife_id": 4967599953, "children": [4967953843, 4968292373, 4968902519, 4969256409, 4970643515, 4971253405, 4971607551, 5015832179]}
Current: active threads / max count: 1 / 10
Request: /person/4967599953
Current: active threads / max count: 2 / 10
Current: active threads / max count: 3 / 10
Request: /person/4968902519
Request: /person/4966990063
Current: active threads / max count: 4 / 10
Request: /person/4971253405
Current: active threads / max count: 5 / 10
Request: /person/4968292373
Current: active threads / max count: 6 / 10
Request: /person/4967953843
Current: active threads / max count: 7 / 10
Request: /person/4970643515
Current: active threads / max count: 8 / 10
Request: /person/4969256409
Current: active threads / max count: 9 / 10
Request: /person/4971607551
Sending: {"id": 4970643515, "name": "Aria", "birth": "26-5-1785", "parent_id": null, "family_id": null}
Sending: {"id": 4969256409, "name": "Chloe", "birth": "15-4-1842", "parent_id": null, "family_id": null}
Sending: {"id": 4967599953, "name": "Emma", "birth": "7-7-1763", "parent_id": 5005572179, "family_id": 5004609167}
Sending: {"id": 4968902519, "name": "Addison", "birth": "18-4-1839", "parent_id": null, "family_id": null}
Sending: {"id": 4966990063, "name": "Christopher", "birth": "1-11-1791", "parent_id": 5005217265, "family_id": 5004609167}
Sending: {"id": 4971253405, "name": "Elijah", "birth": "2-10-1976", "parent_id": null, "family_id": null}
Sending: {"id": 4968292373, "name": "Stella", "birth": "4-1-1778", "parent_id": null, "family_id": null}
Sending: {"id": 4967953843, "name": "Emily", "birth": "6-10-1943", "parent_id": null, "family_id": null}
Sending: {"id": 4971607551, "name": "Benjamin", "birth": "21-10-1977", "parent_id": null, "family_id": null}
Current: active threads / max count: 1 / 10
Request: /family/5006519575
Sending: {"id": 5006519575, "husband_id": 4990477021, "wife_id": 4991084863, "children": [4991440801, 4991779331, 4992387429, 4993791943, 4994130473, 4984132617]}
Current: active threads / max count: 1 / 10
Request: /person/4990477021
Current: active threads / max count: 2 / 10
Request: /person/4991084863
Current: active threads / max count: 3 / 10
Request: /person/4992387429
Current: active threads / max count: 4 / 10
Request: /person/4991440801
Current: active threads / max count: 5 / 10
Request: /person/4993791943
Current: active threads / max count: 6 / 10
Request: /person/4991779331
Current: active threads / max count: 7 / 10
Request: /person/4994130473
Sending: {"id": 4994130473, "name": "Christopher", "birth": "20-3-1794", "parent_id": null, "family_id": null}
Sending: {"id": 4990477021, "name": "William", "birth": "7-2-1969", "parent_id": 5007923321, "family_id": 5006519575}
Sending: {"id": 4991084863, "name": "Luna", "birth": "27-3-1825", "parent_id": 5008262875, "family_id": 5006519575}
Sending: {"id": 4992387429, "name": "Audrey", "birth": "11-11-1961", "parent_id": null, "family_id": null}
Sending: {"id": 4991440801, "name": "Addison", "birth": "19-7-1869", "parent_id": null, "family_id": null}
Sending: {"id": 4993791943, "name": "Gabriel", "birth": "27-3-1906", "parent_id": null, "family_id": null}
Sending: {"id": 4991779331, "name": "Ezra", "birth": "27-10-1937", "parent_id": null, "family_id": null}
Current: active threads / max count: 1 / 10
Request: /family/5008870717
Sending: {"id": 5008870717, "husband_id": 4999093659, "wife_id": 5066803453, "children": [5068207967, 5068815809, 5069154339, 5069510277, 5070118375, 5070456905, 5071861419, 5072469261, 4984472427]}
Current: active threads / max count: 1 / 10
Request: /person/5066803453
Current: active threads / max count: 2 / 10
Request: /person/5068815809
Current: active threads / max count: 3 / 10
Request: /person/5069154339
Current: active threads / max count: 4 / 10
Request: /person/5068207967
Current: active threads / max count: 5 / 10
Request: /person/5069510277
Current: active threads / max count: 6 / 10
Request: /person/5070118375
Current: active threads / max count: 7 / 10
Request: /person/4999093659
Current: active threads / max count: 8 / 10
Request: /person/5070456905
Current: active threads / max count: 9 / 10
Request: /person/5071861419
Current: active threads / max count: 10 / 10
Request: /person/5072469261
Sending: {"id": 5069154339, "name": "Jaxon", "birth": "8-10-1866", "parent_id": null, "family_id": null}
Sending: {"id": 5070118375, "name": "Abigail", "birth": "15-11-1941", "parent_id": null, "family_id": null}
Sending: {"id": 5066803453, "name": "Harper", "birth": "11-10-1819", "parent_id": 5009827329, "family_id": 5008870717}
Sending: {"id": 5072469261, "name": "Hannah", "birth": "19-12-1835", "parent_id": null, "family_id": null}
Sending: {"id": 5068815809, "name": "Charlotte", "birth": "14-9-1991", "parent_id": null, "family_id": null}
Sending: {"id": 5070456905, "name": "Avery", "birth": "14-7-1872", "parent_id": null, "family_id": null}
Sending: {"id": 5071861419, "name": "Noah", "birth": "17-10-1760", "parent_id": null, "family_id": null}
Sending: {"id": 5068207967, "name": "Willow", "birth": "4-11-1947", "parent_id": null, "family_id": null}
Sending: {"id": 5069510277, "name": "Sebastian", "birth": "24-5-1867", "parent_id": null, "family_id": null}
Sending: {"id": 4999093659, "name": "Aiden", "birth": "16-8-1858", "parent_id": 5009226655, "family_id": 5008870717}
Current: active threads / max count: 1 / 10
Request: /family/5012178471
Sending: {"id": 5012178471, "husband_id": 5092641297, "wife_id": 5092995443, "children": [5094391765, 5094992439, 5095346329, 5095694331, 5096295005, 5088987845]}
Current: active threads / max count: 1 / 10
Request: /person/5092995443
Current: active threads / max count: 2 / 10
Request: /person/5092641297
Current: active threads / max count: 3 / 10
Request: /person/5095346329
Current: active threads / max count: 4 / 10
Request: /person/5094391765
Current: active threads / max count: 5 / 10
Request: /person/5095694331
Current: active threads / max count: 6 / 10
Request: /person/5094992439
Current: active threads / max count: 7 / 10
Request: /person/5096295005
Sending: {"id": 5092995443, "name": "Addison", "birth": "29-11-1839", "parent_id": 5012880363, "family_id": 5012178471}
Sending: {"id": 5094992439, "name": "Levi", "birth": "16-7-1927", "parent_id": null, "family_id": null}
Sending: {"id": 5094391765, "name": "Zoey", "birth": "1-5-1888", "parent_id": null, "family_id": null}
Sending: {"id": 5092641297, "name": "Jackson", "birth": "18-4-1858", "parent_id": 5012524169, "family_id": 5012178471}
Sending: {"id": 5095346329, "name": "Luke", "birth": "13-11-1878", "parent_id": null, "family_id": null}
Sending: {"id": 5095694331, "name": "Andrew", "birth": "7-11-1914", "parent_id": null, "family_id": null}
Sending: {"id": 5096295005, "name": "Riley", "birth": "3-6-1837", "parent_id": null, "family_id": null}
Current: active threads / max count: 1 / 10
Request: /family/5013481037
Sending: {"id": 5013481037, "husband_id": 5036154515, "wife_id": 5036492277, "children": [5036847191, 5037457081, 5038843163, 5089341735]}
Current: active threads / max count: 1 / 10
Request: /person/5036492277
Current: active threads / max count: 2 / 10
Request: /person/5036847191
Current: active threads / max count: 3 / 10
Request: /person/5037457081
Current: active threads / max count: 4 / 10
Request: /person/5036154515
Current: active threads / max count: 5 / 10
Request: /person/5038843163
Sending: {"id": 5036492277, "name": "Aubrey", "birth": "3-1-1800", "parent_id": 5015231249, "family_id": 5013481037}
Sending: {"id": 5036847191, "name": "Isabella", "birth": "20-5-1946", "parent_id": null, "family_id": null}
Sending: {"id": 5037457081, "name": "Ava", "birth": "27-2-1885", "parent_id": null, "family_id": null}
Sending: {"id": 5036154515, "name": "Alexander", "birth": "18-9-1916", "parent_id": 5013826735, "family_id": 5013481037}
Sending: {"id": 5038843163, "name": "Violet", "birth": "28-5-1944", "parent_id": null, "family_id": null}
Current: active threads / max count: 1 / 10
Request: /family/5016177877
Sending: {"id": 5016177877, "husband_id": 5047452889, "wife_id": 5048070971, "children": [5048416669, 5049017599, 5044417519]}
Current: active threads / max count: 1 / 10
Request: /person/5048070971
Current: active threads / max count: 2 / 10
Request: /person/5047452889
Current: active threads / max count: 3 / 10
Request: /person/5048416669
Current: active threads / max count: 4 / 10
Request: /person/5049017599
Sending: {"id": 5048070971, "name": "Sophia", "birth": "28-7-1965", "parent_id": 5017133465, "family_id": 5016177877}
Sending: {"id": 5047452889, "name": "Jayden", "birth": "5-8-1787", "parent_id": 5016533815, "family_id": 5016177877}
Sending: {"id": 5049017599, "name": "Jaxon", "birth": "16-11-1936", "parent_id": null, "family_id": null}
Sending: {"id": 5048416669, "name": "Aubrey", "birth": "4-6-1990", "parent_id": null, "family_id": null}
Current: active threads / max count: 1 / 10
Request: /family/5017480443
Sending: {"id": 5017480443, "husband_id": 5058074971, "wife_id": 5058676669, "children": [5059031583, 5059639425, 5059979235, 5061382725, 5061990567, 5044764241]}
Current: active threads / max count: 1 / 10
Request: /person/5058074971
Current: active threads / max count: 2 / 10
Request: /person/5058676669
Current: active threads / max count: 3 / 10
Request: /person/5059031583
Current: active threads / max count: 4 / 10
Request: /person/5059639425
Current: active threads / max count: 5 / 10
Request: /person/5061382725
Current: active threads / max count: 6 / 10
Request: /person/5061990567
Current: active threads / max count: 7 / 10
Request: /person/5059979235
Sending: {"id": 5058074971, "name": "Matthew", "birth": "7-9-1767", "parent_id": 5018884957, "family_id": 5017480443}
Sending: {"id": 5058676669, "name": "Abigail", "birth": "17-3-1935", "parent_id": 5019484607, "family_id": 5017480443}
Sending: {"id": 5061382725, "name": "Joseph", "birth": "9-4-1852", "parent_id": null, "family_id": null}
Sending: {"id": 5061990567, "name": "Mateo", "birth": "26-10-1871", "parent_id": null, "family_id": null}
Sending: {"id": 5059979235, "name": "Gabriel", "birth": "28-3-2003", "parent_id": null, "family_id": null}
Sending: {"id": 5059639425, "name": "Oliver", "birth": "23-7-1932", "parent_id": null, "family_id": null}
Sending: {"id": 5059031583, "name": "Aurora", "birth": "29-9-1878", "parent_id": null, "family_id": null}
Current: active threads / max count: 1 / 10
Request: /family/5021133895
Sending: {"id": 5021133895, "husband_id": 4883186129, "wife_id": 4883532851, "children": [4883888789, 4884488695, 4884835417, 4886239931, 4886839581, 4887186559, 4879879399]}
Current: active threads / max count: 1 / 10
Request: /person/4883888789
Current: active threads / max count: 2 / 10
Request: /person/4883186129
Current: active threads / max count: 3 / 10
Request: /person/4884488695
Current: active threads / max count: 4 / 10
Request: /person/4883532851
Current: active threads / max count: 5 / 10
Request: /person/4884835417
Current: active threads / max count: 6 / 10
Request: /person/4886839581
Current: active threads / max count: 7 / 10
Request: /person/4886239931
Current: active threads / max count: 8 / 10
Request: /person/4887186559
Sending: {"id": 4883888789, "name": "Madison", "birth": "23-5-1791", "parent_id": null, "family_id": null}
Sending: {"id": 4886239931, "name": "Christopher", "birth": "27-4-1969", "parent_id": null, "family_id": null}
Sending: {"id": 4884835417, "name": "Henry", "birth": "4-8-1907", "parent_id": null, "family_id": null}
Sending: {"id": 4887186559, "name": "Emily", "birth": "20-9-1975", "parent_id": null, "family_id": null}
Sending: {"id": 4886839581, "name": "Emily", "birth": "5-7-1791", "parent_id": null, "family_id": null}
Sending: {"id": 4883532851, "name": "Bella", "birth": "19-1-1807", "parent_id": 5023138059, "family_id": 5021133895}
Sending: {"id": 4883186129, "name": "Alexander", "birth": "18-7-2006", "parent_id": 5021751977, "family_id": 5021133895}
Sending: {"id": 4884488695, "name": "Owen", "birth": "19-1-1818", "parent_id": null, "family_id": null}
Current: active threads / max count: 1 / 10
Request: /family/5023485037
Sending: {"id": 5023485037, "husband_id": 4896059197, "wife_id": 4896413087, "children": [4897800193, 4898410339, 4898764229, 4880235337]}
Current: active threads / max count: 1 / 10
Request: /person/4896059197
Current: active threads / max count: 2 / 10
Request: /person/4898764229
Current: active threads / max count: 3 / 10
Request: /person/4896413087
Current: active threads / max count: 4 / 10
Request: /person/4898410339
Current: active threads / max count: 5 / 10
Request: /person/4897800193
Sending: {"id": 4896059197, "name": "Dylan", "birth": "27-7-1890", "parent_id": 5024103119, "family_id": 5023485037}
Sending: {"id": 4898764229, "name": "Olivia", "birth": "12-8-1993", "parent_id": null, "family_id": null}
Sending: {"id": 4897800193, "name": "Layla", "birth": "9-9-1866", "parent_id": null, "family_id": null}
Sending: {"id": 4896413087, "name": "Lillian", "birth": "11-2-1967", "parent_id": 5024440625, "family_id": 5023485037}
Sending: {"id": 4898410339, "name": "Elizabeth", "birth": "9-6-1803", "parent_id": null, "family_id": null}
Current: active threads / max count: 1 / 10
Request: /family/5025405685
Sending: {"id": 5025405685, "husband_id": 4840866789, "wife_id": 4842262087, "children": [4842615977, 4843217675, 4843564653, 4843918543, 4844520241, 4845914515, 4837999513]}
Current: active threads / max count: 1 / 10
Request: /person/4842262087
Current: active threads / max count: 2 / 10
Request: /person/4840866789
Current: active threads / max count: 3 / 10
Request: /person/4842615977
Current: active threads / max count: 4 / 10
Request: /person/4844520241
Current: active threads / max count: 5 / 10
Request: /person/4843564653
Current: active threads / max count: 6 / 10
Request: /person/4843217675
Current: active threads / max count: 7 / 10
Request: /person/4843918543
Current: active threads / max count: 8 / 10
Request: /person/4845914515
Sending: {"id": 4842262087, "name": "Avery", "birth": "18-7-1985", "parent_id": 5027139513, "family_id": 5025405685}
Sending: {"id": 4840866789, "name": "Grayson", "birth": "26-2-1912", "parent_id": 5026791767, "family_id": 5025405685}
Sending: {"id": 4844520241, "name": "Ethan", "birth": "20-9-1959", "parent_id": null, "family_id": null}
Sending: {"id": 4842615977, "name": "Anthony", "birth": "29-12-1957", "parent_id": null, "family_id": null}
Sending: {"id": 4843564653, "name": "Mia", "birth": "10-3-1853", "parent_id": null, "family_id": null}
Sending: {"id": 4843217675, "name": "Eleanor", "birth": "25-1-2011", "parent_id": null, "family_id": null}
Sending: {"id": 4843918543, "name": "Jackson", "birth": "6-10-1823", "parent_id": null, "family_id": null}
Sending: {"id": 4845914515, "name": "Jacob", "birth": "29-4-1884", "parent_id": null, "family_id": null}
Current: active threads / max count: 1 / 10
Request: /family/5027756571
Sending: {"id": 5027756571, "husband_id": 4857493465, "wife_id": 4857831995, "children": [4858439837, 4858796031, 4859134561, 4859742403, 4861146917, 4861492615, 4838608635]}
Current: active threads / max count: 1 / 10
Request: /person/4859134561
Current: active threads / max count: 2 / 10
Request: /person/4857831995
Current: active threads / max count: 3 / 10
Request: /person/4858796031
Current: active threads / max count: 4 / 10
Request: /person/4857493465
Current: active threads / max count: 5 / 10
Request: /person/4859742403
Current: active threads / max count: 6 / 10
Request: /person/4858439837
Current: active threads / max count: 7 / 10
Request: /person/4861492615
Current: active threads / max count: 8 / 10
Request: /person/4861146917
Sending: {"id": 4859134561, "name": "Logan", "birth": "26-5-1850", "parent_id": null, "family_id": null}
Sending: {"id": 4857831995, "name": "Audrey", "birth": "20-4-1910", "parent_id": 5028704223, "family_id": 5027756571}
Sending: {"id": 4858439837, "name": "Chloe", "birth": "26-3-1936", "parent_id": null, "family_id": null}
Sending: {"id": 4858796031, "name": "Stella", "birth": "27-2-1916", "parent_id": null, "family_id": null}
Sending: {"id": 4859742403, "name": "Willow", "birth": "7-9-1954", "parent_id": null, "family_id": null}
Sending: {"id": 4861492615, "name": "Levi", "birth": "8-11-1815", "parent_id": null, "family_id": null}
Sending: {"id": 4861146917, "name": "James", "birth": "30-9-1914", "parent_id": null, "family_id": null}
Sending: {"id": 4857493465, "name": "William", "birth": "28-6-1973", "parent_id": 5028094333, "family_id": 5027756571}
Current: active threads / max count: 1 / 10
Request: /family/5031055109
Sending: {"id": 5031055109, "husband_id": 4947471205, "wife_id": 4948087239, "children": [4948433961, 4948773515, 4949389805, 4950785103, 4951124657, 4951740691, 4952087669, 4943477943]}
Current: active threads / max count: 1 / 10
Request: /person/4947471205
Current: active threads / max count: 2 / 10
Request: /person/4948773515
Current: active threads / max count: 3 / 10
Request: /person/4948087239
Current: active threads / max count: 4 / 10
Request: /person/4950785103
Current: active threads / max count: 5 / 10
Request: /person/4948433961
Current: active threads / max count: 6 / 10
Request: /person/4951124657
Current: active threads / max count: 7 / 10
Request: /person/4949389805
Current: active threads / max count: 8 / 10
Request: /person/4952087669
Current: active threads / max count: 9 / 10
Request: /person/4951740691
Sending: {"id": 4947471205, "name": "Hudson", "birth": "18-1-1999", "parent_id": 5031410279, "family_id": 5031055109}
Sending: {"id": 4948773515, "name": "Grayson", "birth": "3-11-1829", "parent_id": null, "family_id": null}
Sending: {"id": 4951124657, "name": "Aiden", "birth": "1-5-1971", "parent_id": null, "family_id": null}
Sending: {"id": 4952087669, "name": "Luke", "birth": "1-2-1898", "parent_id": null, "family_id": null}
Sending: {"id": 4948087239, "name": "Lucy", "birth": "22-5-1824", "parent_id": 5031747785, "family_id": 5031055109}
Sending: {"id": 4949389805, "name": "Oliver", "birth": "18-5-1906", "parent_id": null, "family_id": null}
Sending: {"id": 4951740691, "name": "Mia", "birth": "24-9-1770", "parent_id": null, "family_id": null}
Sending: {"id": 4948433961, "name": "Wyatt", "birth": "23-3-2003", "parent_id": null, "family_id": null}
Sending: {"id": 4950785103, "name": "Ava", "birth": "14-9-1982", "parent_id": null, "family_id": null}
Current: active threads / max count: 1 / 10
Request: /family/5032357675
Sending: {"id": 5032357675, "husband_id": 4959047851, "wife_id": 4959395597, "children": [4959996527, 4960350417, 4961746739, 4962346389, 4962701559, 4963049305, 4963648955, 4964003869, 4943817497]}
Current: active threads / max count: 1 / 10
Request: /person/4959395597
Current: active threads / max count: 2 / 10
Request: /person/4961746739
Current: active threads / max count: 3 / 10
Request: /person/4959047851
Current: active threads / max count: 4 / 10
Request: /person/4959996527
Current: active threads / max count: 5 / 10
Request: /person/4960350417
Current: active threads / max count: 6 / 10
Request: /person/4962346389
Current: active threads / max count: 7 / 10
Request: /person/4963648955
Current: active threads / max count: 8 / 10
Request: /person/4963049305
Current: active threads / max count: 9 / 10
Request: /person/4962701559
Current: active threads / max count: 10 / 10
Request: /person/4964003869
Sending: {"id": 4961746739, "name": "Thomas", "birth": "3-12-2018", "parent_id": null, "family_id": null}
Sending: {"id": 4959047851, "name": "Thomas", "birth": "31-8-1847", "parent_id": 5032711565, "family_id": 5032357675}
Sending: {"id": 4959395597, "name": "Olivia", "birth": "8-4-1852", "parent_id": 4966990063, "family_id": 5032357675}
Sending: {"id": 4963049305, "name": "Gabriel", "birth": "23-6-1948", "parent_id": null, "family_id": null}
Sending: {"id": 4963648955, "name": "Joshua", "birth": "1-10-1899", "parent_id": null, "family_id": null}
Sending: {"id": 4959996527, "name": "Sebastian", "birth": "15-5-2003", "parent_id": null, "family_id": null}
Sending: {"id": 4960350417, "name": "John", "birth": "23-12-1845", "parent_id": null, "family_id": null}
Sending: {"id": 4962346389, "name": "Emily", "birth": "27-1-1893", "parent_id": null, "family_id": null}
Sending: {"id": 4962701559, "name": "Lincoln", "birth": "22-7-1972", "parent_id": null, "family_id": null}
Sending: {"id": 4964003869, "name": "Avery", "birth": "23-12-2009", "parent_id": null, "family_id": null}
Current: active threads / max count: 1 / 10
Request: /family/4967953843
Sending: {"id": 4967953843, "husband_id": 4907500703, "wife_id": 4908118785, "children": [4908465763, 4909851845, 4910469927, 4910815625, 4911154411, 4903847251]}
Current: active threads / max count: 1 / 10
Request: /person/4907500703
Current: active threads / max count: 2 / 10
Request: /person/4910469927
Current: active threads / max count: 3 / 10
Request: /person/4908465763
Current: active threads / max count: 4 / 10
Request: /person/4908118785
Current: active threads / max count: 5 / 10
Request: /person/4909851845
Current: active threads / max count: 6 / 10
Current: active threads / max count: 7 / 10
Request: /person/4910815625
Request: /person/4911154411
Sending: {"id": 4907500703, "name": "Matthew", "birth": "25-6-1841", "parent_id": 4968292373, "family_id": 4967953843}
Sending: {"id": 4908118785, "name": "Bella", "birth": "8-3-1957", "parent_id": 4968902519, "family_id": 4967953843}
Sending: {"id": 4908465763, "name": "Hazel", "birth": "26-3-1978", "parent_id": null, "family_id": null}
Sending: {"id": 4910815625, "name": "Sophia", "birth": "29-5-1786", "parent_id": null, "family_id": null}
Sending: {"id": 4910469927, "name": "Audrey", "birth": "1-8-1954", "parent_id": null, "family_id": null}
Sending: {"id": 4909851845, "name": "Michael", "birth": "28-1-1766", "parent_id": null, "family_id": null}
Sending: {"id": 4911154411, "name": "Isabella", "birth": "20-2-1895", "parent_id": null, "family_id": null}
Current: active threads / max count: 1 / 10
Request: /family/4969256409
Sending: {"id": 4969256409, "husband_id": 4922733105, "wife_id": 4923078803, "children": [4923680757, 4925084247, 4925429945, 4926031643, 4926386813, 4904203189]}
Current: active threads / max count: 1 / 10
Request: /person/4923078803
Current: active threads / max count: 2 / 10
Request: /person/4922733105
Current: active threads / max count: 3 / 10
Request: /person/4925429945
Current: active threads / max count: 4 / 10
Request: /person/4926031643
Current: active threads / max count: 5 / 10
Request: /person/4925084247
Current: active threads / max count: 6 / 10
Request: /person/4923680757
Current: active threads / max count: 7 / 10
Request: /person/4926386813
Sending: {"id": 4922733105, "name": "Carter", "birth": "27-4-1939", "parent_id": 4970643515, "family_id": 4969256409}
Sending: {"id": 4923078803, "name": "Sofia", "birth": "4-11-1949", "parent_id": 4971253405, "family_id": 4969256409}
Sending: {"id": 4925429945, "name": "Evelyn", "birth": "14-6-1844", "parent_id": null, "family_id": null}
Sending: {"id": 4926031643, "name": "Jayden", "birth": "20-4-1797", "parent_id": null, "family_id": null}
Sending: {"id": 4925084247, "name": "Bella", "birth": "3-9-2008", "parent_id": null, "family_id": null}
Sending: {"id": 4923680757, "name": "Carter", "birth": "20-7-1932", "parent_id": null, "family_id": null}
Sending: {"id": 4926386813, "name": "Zoe", "birth": "29-11-1859", "parent_id": null, "family_id": null}
Current: active threads / max count: 1 / 10
Request: /family/5002866123
Sending: {"id": 5002866123, "husband_id": 5024440625, "wife_id": 5024788371, "children": [5025405685, 5026791767, 5027139513, 5020787173]}
Current: active threads / max count: 1 / 10
Request: /person/5024440625
Current: active threads / max count: 2 / 10
Request: /person/5024788371
Current: active threads / max count: 3 / 10
Request: /person/5027139513
Current: active threads / max count: 4 / 10
Request: /person/5025405685
Current: active threads / max count: 5 / 10
Request: /person/5026791767
Sending: {"id": 5024440625, "name": "Gabriel", "birth": "1-12-1947", "parent_id": null, "family_id": 5002866123}
Sending: {"id": 5024788371, "name": "Bella", "birth": "2-4-1804", "parent_id": null, "family_id": 5002866123}
Sending: {"id": 5027139513, "name": "Anthony", "birth": "22-4-1769", "parent_id": null, "family_id": null}
Sending: {"id": 5025405685, "name": "Samuel", "birth": "8-2-1767", "parent_id": null, "family_id": null}
Sending: {"id": 5026791767, "name": "Isaac", "birth": "27-4-1882", "parent_id": null, "family_id": null}
Current: active threads / max count: 1 / 10
Request: /family/5004269613
Sending: {"id": 5004269613, "husband_id": 5027756571, "wife_id": 5028094333, "children": [5028704223, 5029059137, 5030445219, 5031055109, 5031410279, 5031747785, 5032357675, 5032711565, 5021133895]}
Current: active threads / max count: 1 / 10
Request: /person/5028094333
Current: active threads / max count: 2 / 10
Request: /person/5027756571
Current: active threads / max count: 3 / 10
Request: /person/5028704223
Current: active threads / max count: 4 / 10
Request: /person/5029059137
Current: active threads / max count: 5 / 10
Request: /person/5030445219
Current: active threads / max count: 6 / 10
Request: /person/5031410279
Current: active threads / max count: 7 / 10
Request: /person/5031055109
Current: active threads / max count: 8 / 10
Request: /person/5031747785
Current: active threads / max count: 9 / 10
Request: /person/5032357675
Current: active threads / max count: 10 / 10
Request: /person/5032711565
Sending: {"id": 5028094333, "name": "Sofia", "birth": "17-3-1874", "parent_id": null, "family_id": 5004269613}
Sending: {"id": 5027756571, "name": "Luke", "birth": "11-12-1926", "parent_id": null, "family_id": 5004269613}
Sending: {"id": 5029059137, "name": "Bella", "birth": "4-6-1920", "parent_id": null, "family_id": null}
Sending: {"id": 5028704223, "name": "Mason", "birth": "5-2-1993", "parent_id": null, "family_id": null}
Sending: {"id": 5030445219, "name": "Audrey", "birth": "14-12-1804", "parent_id": null, "family_id": null}
Sending: {"id": 5031410279, "name": "Stella", "birth": "16-9-1754", "parent_id": null, "family_id": null}
Sending: {"id": 5031747785, "name": "Luke", "birth": "26-6-1971", "parent_id": null, "family_id": null}
Sending: {"id": 5032711565, "name": "Ellie", "birth": "21-2-1858", "parent_id": null, "family_id": null}
Sending: {"id": 5031055109, "name": "Henry", "birth": "17-12-1832", "parent_id": null, "family_id": null}
Sending: {"id": 5032357675, "name": "Grace", "birth": "29-9-1765", "parent_id": null, "family_id": null}
Current: active threads / max count: 1 / 10
Request: /family/5005217265
Sending: {"id": 5005217265, "husband_id": 4972208225, "wife_id": 4972555971, "children": [4972909861, 4973511559, 4974907113, 4975261003, 4975862701, 4976209423, 4976563569, 4977165267, 4966990063]}
Current: active threads / max count: 1 / 10
Request: /person/4972208225
Current: active threads / max count: 2 / 10
Request: /person/4972555971
Current: active threads / max count: 3 / 10
Request: /person/4975261003
Current: active threads / max count: 4 / 10
Request: /person/4974907113
Current: active threads / max count: 5 / 10
Request: /person/4973511559
Current: active threads / max count: 6 / 10
Request: /person/4972909861
Current: active threads / max count: 7 / 10
Request: /person/4975862701
Current: active threads / max count: 8 / 10
Request: /person/4976209423
Current: active threads / max count: 9 / 10
Request: /person/4976563569
Current: active threads / max count: 10 / 10
Request: /person/4977165267
Sending: {"id": 4972208225, "name": "Mason", "birth": "15-7-1960", "parent_id": null, "family_id": 5005217265}
Sending: {"id": 4972555971, "name": "Olivia", "birth": "9-3-1915", "parent_id": null, "family_id": 5005217265}
Sending: {"id": 4974907113, "name": "Chloe", "birth": "7-5-1940", "parent_id": null, "family_id": null}
Sending: {"id": 4976209423, "name": "Daniel", "birth": "12-5-1862", "parent_id": null, "family_id": null}
Sending: {"id": 4976563569, "name": "Leah", "birth": "13-9-1983", "parent_id": null, "family_id": null}
Sending: {"id": 4973511559, "name": "Owen", "birth": "3-5-1847", "parent_id": null, "family_id": null}
Sending: {"id": 4975261003, "name": "Sofia", "birth": "23-6-1895", "parent_id": null, "family_id": null}
Sending: {"id": 4972909861, "name": "Camila", "birth": "25-8-2011", "parent_id": null, "family_id": null}
Sending: {"id": 4975862701, "name": "Joseph", "birth": "21-12-1928", "parent_id": null, "family_id": null}
Sending: {"id": 4977165267, "name": "Charlotte", "birth": "4-10-1945", "parent_id": null, "family_id": null}
Current: active threads / max count: 1 / 10
Request: /family/5005572179
Sending: {"id": 5005572179, "husband_id": 4978560565, "wife_id": 4978914455, "children": [4979516409, 4979863131, 4980217021, 4980818719, 4982212993, 4982830307, 4983169861, 4983515559, 4967599953]}
Current: active threads / max count: 1 / 10
Request: /person/4979863131
Current: active threads / max count: 2 / 10
Request: /person/4978914455
Current: active threads / max count: 3 / 10
Request: /person/4980217021
Current: active threads / max count: 4 / 10
Request: /person/4979516409
Current: active threads / max count: 5 / 10
Request: /person/4980818719
Current: active threads / max count: 6 / 10
Request: /person/4982212993
Current: active threads / max count: 7 / 10
Request: /person/4978560565
Current: active threads / max count: 8 / 10
Request: /person/4983515559
Current: active threads / max count: 9 / 10
Request: /person/4983169861
Current: active threads / max count: 10 / 10
Request: /person/4982830307
Sending: {"id": 4979863131, "name": "Lucas", "birth": "18-2-1806", "parent_id": null, "family_id": null}
Sending: {"id": 4978914455, "name": "Scarlett", "birth": "4-11-1798", "parent_id": null, "family_id": 5005572179}
Sending: {"id": 4980217021, "name": "William", "birth": "7-12-1762", "parent_id": null, "family_id": null}
Sending: {"id": 4978560565, "name": "Michael", "birth": "18-4-1954", "parent_id": null, "family_id": 5005572179}
Sending: {"id": 4980818719, "name": "Emma", "birth": "16-4-1907", "parent_id": null, "family_id": null}
Sending: {"id": 4979516409, "name": "Christopher", "birth": "6-2-1916", "parent_id": null, "family_id": null}
Sending: {"id": 4982212993, "name": "Logan", "birth": "19-2-2016", "parent_id": null, "family_id": null}
Sending: {"id": 4983515559, "name": "Aiden", "birth": "2-3-1959", "parent_id": null, "family_id": null}
Sending: {"id": 4983169861, "name": "Lucas", "birth": "24-11-1909", "parent_id": null, "family_id": null}
Sending: {"id": 4982830307, "name": "Aurora", "birth": "9-2-1918", "parent_id": null, "family_id": null}
Current: active threads / max count: 1 / 10
Request: /family/5007923321
Sending: {"id": 5007923321, "husband_id": 4994738315, "wife_id": 4995094509, "children": [4995433039, 4996040881, 4990477021]}
Current: active threads / max count: 1 / 10
Request: /person/4994738315
Current: active threads / max count: 2 / 10
Request: /person/4995094509
Current: active threads / max count: 3 / 10
Request: /person/4995433039
Current: active threads / max count: 4 / 10
Request: /person/4996040881
Sending: {"id": 4994738315, "name": "Michael", "birth": "7-6-1799", "parent_id": null, "family_id": 5007923321}
Sending: {"id": 4995094509, "name": "Olivia", "birth": "18-12-1817", "parent_id": null, "family_id": 5007923321}
Sending: {"id": 4996040881, "name": "Jackson", "birth": "23-12-1921", "parent_id": null, "family_id": null}
Sending: {"id": 4995433039, "name": "Emma", "birth": "22-4-1780", "parent_id": null, "family_id": null}
Current: active threads / max count: 1 / 10
Request: /family/5008262875
Sending: {"id": 5008262875, "husband_id": 4997445395, "wife_id": 4997784181, "children": [4998392023, 4998747961, 4991084863]}
Current: active threads / max count: 1 / 10
Request: /person/4997445395
Current: active threads / max count: 2 / 10
Request: /person/4997784181
Current: active threads / max count: 3 / 10
Request: /person/4998747961
Current: active threads / max count: 4 / 10
Request: /person/4998392023
Sending: {"id": 4997445395, "name": "Noah", "birth": "6-12-1834", "parent_id": null, "family_id": 5008262875}
Sending: {"id": 4997784181, "name": "Emilia", "birth": "8-5-1958", "parent_id": null, "family_id": 5008262875}
Sending: {"id": 4998747961, "name": "Audrey", "birth": "16-2-1850", "parent_id": null, "family_id": null}
Sending: {"id": 4998392023, "name": "Layla", "birth": "24-3-1782", "parent_id": null, "family_id": null}
Current: active threads / max count: 1 / 10
Request: /family/5009226655
Sending: {"id": 5009226655, "husband_id": 5072808047, "wife_id": 5073163985, "children": [5073771827, 5074111381, 5075515127, 5076122969, 5076462523, 5076817437, 5077425535, 5077765089, 4999093659]}
Current: active threads / max count: 1 / 10
Request: /person/5072808047
Current: active threads / max count: 2 / 10
Request: /person/5073163985
Current: active threads / max count: 3 / 10
Request: /person/5074111381
Current: active threads / max count: 4 / 10
Request: /person/5073771827
Current: active threads / max count: 5 / 10
Request: /person/5076122969
Current: active threads / max count: 6 / 10
Request: /person/5075515127
Current: active threads / max count: 7 / 10
Request: /person/5076462523
Current: active threads / max count: 8 / 10
Request: /person/5076817437
Current: active threads / max count: 9 / 10
Request: /person/5077425535
Current: active threads / max count: 10 / 10
Request: /person/5077765089
Sending: {"id": 5072808047, "name": "Sebastian", "birth": "26-3-1993", "parent_id": null, "family_id": 5009226655}
Sending: {"id": 5074111381, "name": "Matthew", "birth": "4-6-1919", "parent_id": null, "family_id": null}
Sending: {"id": 5073771827, "name": "William", "birth": "8-4-2018", "parent_id": null, "family_id": null}
Sending: {"id": 5076122969, "name": "Penelope", "birth": "1-6-1985", "parent_id": null, "family_id": null}
Sending: {"id": 5073163985, "name": "Ellie", "birth": "28-8-1847", "parent_id": null, "family_id": 5009226655}
Sending: {"id": 5075515127, "name": "Addison", "birth": "14-4-1993", "parent_id": null, "family_id": null}
Sending: {"id": 5077765089, "name": "Ezra", "birth": "19-3-1977", "parent_id": null, "family_id": null}
Sending: {"id": 5076462523, "name": "Sebastian", "birth": "12-8-1928", "parent_id": null, "family_id": null}
Sending: {"id": 5077425535, "name": "Lucas", "birth": "1-10-1918", "parent_id": null, "family_id": null}
Sending: {"id": 5076817437, "name": "Noah", "birth": "7-9-1950", "parent_id": null, "family_id": null}
Current: active threads / max count: 1 / 10
Request: /family/5009827329
Sending: {"id": 5009827329, "husband_id": 5078382147, "wife_id": 5079776421, "children": [5080115975, 5080733289, 5081078987, 5081418541, 5082034575, 5083430129, 5083769683, 5066803453]}
Current: active threads / max count: 1 / 10
Request: /person/5078382147
Current: active threads / max count: 2 / 10
Request: /person/5080115975
Current: active threads / max count: 3 / 10
Request: /person/5079776421
Current: active threads / max count: 4 / 10
Request: /person/5080733289
Current: active threads / max count: 5 / 10
Request: /person/5081078987
Current: active threads / max count: 6 / 10
Request: /person/5081418541
Current: active threads / max count: 7 / 10
Request: /person/5083430129
Current: active threads / max count: 8 / 10
Request: /person/5082034575
Current: active threads / max count: 9 / 10
Request: /person/5083769683
Sending: {"id": 5078382147, "name": "Henry", "birth": "18-3-1839", "parent_id": null, "family_id": 5009827329}
Sending: {"id": 5080115975, "name": "Theodore", "birth": "29-7-1831", "parent_id": null, "family_id": null}
Sending: {"id": 5079776421, "name": "Madison", "birth": "4-8-1953", "parent_id": null, "family_id": 5009827329}
Sending: {"id": 5080733289, "name": "Madison", "birth": "12-11-1780", "parent_id": null, "family_id": null}
Sending: {"id": 5083430129, "name": "Hudson", "birth": "18-7-1884", "parent_id": null, "family_id": null}
Sending: {"id": 5081078987, "name": "Josiah", "birth": "3-5-1979", "parent_id": null, "family_id": null}
Sending: {"id": 5081418541, "name": "Penelope", "birth": "26-3-1867", "parent_id": null, "family_id": null}
Sending: {"id": 5082034575, "name": "Henry", "birth": "3-2-1810", "parent_id": null, "family_id": null}
Sending: {"id": 5083769683, "name": "Oliver", "birth": "20-4-1920", "parent_id": null, "family_id": null}
Current: active threads / max count: 1 / 10
Request: /family/5012524169
Sending: {"id": 5012524169, "husband_id": 5096648895, "wife_id": 5097258785, "children": [5098644867, 5099000037, 5099609927, 5092641297]}
Current: active threads / max count: 1 / 10
Request: /person/5096648895
Current: active threads / max count: 2 / 10
Request: /person/5098644867
Current: active threads / max count: 3 / 10
Current: active threads / max count: 4 / 10
Request: /person/5097258785
Request: /person/5099000037
Current: active threads / max count: 5 / 10
Request: /person/5099609927
Sending: {"id": 5097258785, "name": "Lillian", "birth": "9-2-1962", "parent_id": null, "family_id": 5012524169}
Sending: {"id": 5098644867, "name": "Michael", "birth": "2-6-1811", "parent_id": null, "family_id": null}
Sending: {"id": 5096648895, "name": "Michael", "birth": "3-3-1902", "parent_id": null, "family_id": 5012524169}
Sending: {"id": 5099609927, "name": "Hannah", "birth": "30-12-1772", "parent_id": null, "family_id": null}
Sending: {"id": 5099000037, "name": "Natalie", "birth": "19-1-1931", "parent_id": null, "family_id": null}
Current: active threads / max count: 1 / 10
Request: /family/5012880363
Sending: {"id": 5012880363, "husband_id": 5099947433, "wife_id": 5033193483, "children": [5033803629, 5035189711, 5035544625, 5092995443]}
Current: active threads / max count: 1 / 10
Current: active threads / max count: 2 / 10
Request: /person/5099947433
Request: /person/5033193483
Current: active threads / max count: 3 / 10
Request: /person/5035544625
Current: active threads / max count: 4 / 10
Request: /person/5035189711
Current: active threads / max count: 5 / 10
Request: /person/5033803629
Sending: {"id": 5033803629, "name": "Hannah", "birth": "16-5-1873", "parent_id": null, "family_id": null}
Sending: {"id": 5099947433, "name": "Jacob", "birth": "21-11-1837", "parent_id": null, "family_id": 5012880363}
Sending: {"id": 5033193483, "name": "Ella", "birth": "29-10-1831", "parent_id": null, "family_id": 5012880363}
Sending: {"id": 5035189711, "name": "Lily", "birth": "14-8-1866", "parent_id": null, "family_id": null}
Sending: {"id": 5035544625, "name": "Lily", "birth": "13-10-1888", "parent_id": null, "family_id": null}
Current: active threads / max count: 1 / 10
Request: /family/5013826735
Sending: {"id": 5013826735, "husband_id": 5039198333, "wife_id": 5039808223, "children": [5040145729, 5040763811, 5036154515]}
Current: active threads / max count: 1 / 10
Request: /person/5039808223
Current: active threads / max count: 2 / 10
Request: /person/5039198333
Current: active threads / max count: 3 / 10
Request: /person/5040145729
Current: active threads / max count: 4 / 10
Request: /person/5040763811
Sending: {"id": 5039808223, "name": "Lily", "birth": "30-6-1761", "parent_id": null, "family_id": 5013826735}
Sending: {"id": 5039198333, "name": "Lincoln", "birth": "9-4-1974", "parent_id": null, "family_id": 5013826735}
Sending: {"id": 5040763811, "name": "Leo", "birth": "15-7-1876", "parent_id": null, "family_id": null}
Sending: {"id": 5040145729, "name": "Zoe", "birth": "12-2-2014", "parent_id": null, "family_id": null}
Current: active threads / max count: 1 / 10
Request: /family/5015231249
Sending: {"id": 5015231249, "husband_id": 5041110533, "wife_id": 5042496871, "children": [5043114953, 5043461675, 5043799181, 5036492277]}
Current: active threads / max count: 1 / 10
Request: /person/5042496871
Current: active threads / max count: 2 / 10
Request: /person/5041110533
Current: active threads / max count: 3 / 10
Request: /person/5043799181
Current: active threads / max count: 4 / 10
Request: /person/5043461675
Current: active threads / max count: 5 / 10
Request: /person/5043114953
Sending: {"id": 5043799181, "name": "Samuel", "birth": "7-2-1805", "parent_id": null, "family_id": null}
Sending: {"id": 5043461675, "name": "Mia", "birth": "10-4-1961", "parent_id": null, "family_id": null}
Sending: {"id": 5043114953, "name": "Elijah", "birth": "5-11-1948", "parent_id": null, "family_id": null}
Sending: {"id": 5041110533, "name": "Leo", "birth": "3-6-1926", "parent_id": null, "family_id": 5015231249}
Sending: {"id": 5042496871, "name": "Avery", "birth": "19-1-2012", "parent_id": null, "family_id": 5015231249}
Current: active threads / max count: 1 / 10
Request: /family/5016533815
Sending: {"id": 5016533815, "husband_id": 5050422113, "wife_id": 5050767811, "children": [5051368485, 5051724423, 5052070377, 5052671051, 5054075565, 5054421263, 5055022193, 5047452889]}
Current: active threads / max count: 1 / 10
Request: /person/5050422113
Current: active threads / max count: 2 / 10
Request: /person/5051368485
Current: active threads / max count: 3 / 10
Request: /person/5052070377
Current: active threads / max count: 4 / 10
Request: /person/5050767811
Current: active threads / max count: 5 / 10
Request: /person/5052671051
Current: active threads / max count: 6 / 10
Request: /person/5051724423
Current: active threads / max count: 7 / 10
Request: /person/5054075565
Current: active threads / max count: 8 / 10
Request: /person/5055022193
Current: active threads / max count: 9 / 10
Request: /person/5054421263
Sending: {"id": 5050422113, "name": "Jacob", "birth": "8-10-1902", "parent_id": null, "family_id": 5016533815}
Sending: {"id": 5051368485, "name": "Levi", "birth": "20-12-1827", "parent_id": null, "family_id": null}
Sending: {"id": 5052070377, "name": "Mateo", "birth": "20-11-1842", "parent_id": null, "family_id": null}
Sending: {"id": 5050767811, "name": "Mila", "birth": "16-5-1882", "parent_id": null, "family_id": 5016533815}
Sending: {"id": 5052671051, "name": "Avery", "birth": "15-2-1960", "parent_id": null, "family_id": null}
Sending: {"id": 5051724423, "name": "Jayden", "birth": "2-11-1944", "parent_id": null, "family_id": null}
Sending: {"id": 5054075565, "name": "Hannah", "birth": "8-3-1904", "parent_id": null, "family_id": null}
Sending: {"id": 5055022193, "name": "Sophia", "birth": "8-8-2004", "parent_id": null, "family_id": null}
Sending: {"id": 5054421263, "name": "Aurora", "birth": "16-8-1830", "parent_id": null, "family_id": null}
Current: active threads / max count: 1 / 10
Request: /family/5017133465
Sending: {"id": 5017133465, "husband_id": 5055378131, "wife_id": 5055723829, "children": [5056325527, 5057729273, 5048070971]}
Current: active threads / max count: 1 / 10
Request: /person/5055378131
Current: active threads / max count: 2 / 10
Request: /person/5055723829
Current: active threads / max count: 3 / 10
Request: /person/5056325527
Current: active threads / max count: 4 / 10
Request: /person/5057729273
Sending: {"id": 5055378131, "name": "Mateo", "birth": "28-7-1825", "parent_id": null, "family_id": 5017133465}
Sending: {"id": 5055723829, "name": "Lillian", "birth": "18-1-1813", "parent_id": null, "family_id": 5017133465}
Sending: {"id": 5056325527, "name": "Michael", "birth": "20-3-1774", "parent_id": null, "family_id": null}
Sending: {"id": 5057729273, "name": "John", "birth": "31-12-1920", "parent_id": null, "family_id": null}
Current: active threads / max count: 1 / 10
Request: /family/5018884957
Sending: {"id": 5018884957, "husband_id": 5062330121, "wife_id": 5062685291, "children": [5063293133, 5063632687, 5065026961, 5065644275, 5065983829, 5066329527, 5058074971]}
Current: active threads / max count: 1 / 10
Request: /person/5063632687
Current: active threads / max count: 2 / 10
Request: /person/5065026961
Current: active threads / max count: 3 / 10
Request: /person/5063293133
Current: active threads / max count: 4 / 10
Current: active threads / max count: 5 / 10
Request: /person/5062330121
Request: /person/5062685291
Current: active threads / max count: 6 / 10
Request: /person/5065644275
Current: active threads / max count: 7 / 10
Request: /person/5065983829
Current: active threads / max count: 8 / 10
Request: /person/5066329527
Sending: {"id": 5063632687, "name": "Aria", "birth": "20-11-1770", "parent_id": null, "family_id": null}
Sending: {"id": 5062330121, "name": "Julian", "birth": "25-6-2008", "parent_id": null, "family_id": 5018884957}
Sending: {"id": 5065026961, "name": "Jackson", "birth": "11-2-2009", "parent_id": null, "family_id": null}
Sending: {"id": 5063293133, "name": "Natalie", "birth": "25-7-1998", "parent_id": null, "family_id": null}
Sending: {"id": 5062685291, "name": "Leah", "birth": "5-1-2017", "parent_id": null, "family_id": 5018884957}
Sending: {"id": 5065644275, "name": "Gabriel", "birth": "27-4-1987", "parent_id": null, "family_id": null}
Sending: {"id": 5065983829, "name": "Lillian", "birth": "1-5-1799", "parent_id": null, "family_id": null}
Sending: {"id": 5066329527, "name": "Madison", "birth": "23-12-1990", "parent_id": null, "family_id": null}
Current: active threads / max count: 1 / 10
Request: /family/5019484607
Sending: {"id": 5019484607, "husband_id": 4865619993, "wife_id": 4865959803, "children": [4866567645, 4867971135, 4868310689, 4868918531, 4869273701, 4869613255, 5058676669]}
Current: active threads / max count: 1 / 10
Request: /person/4865959803
Current: active threads / max count: 2 / 10
Request: /person/4866567645
Current: active threads / max count: 3 / 10
Request: /person/4868918531
Current: active threads / max count: 4 / 10
Request: /person/4867971135
Current: active threads / max count: 5 / 10
Request: /person/4869613255
Current: active threads / max count: 6 / 10
Request: /person/4868310689
Current: active threads / max count: 7 / 10
Request: /person/4865619993
Current: active threads / max count: 8 / 10
Request: /person/4869273701
Sending: {"id": 4865959803, "name": "Aubrey", "birth": "26-9-1858", "parent_id": null, "family_id": 5019484607}
Sending: {"id": 4868918531, "name": "Grayson", "birth": "14-4-1913", "parent_id": null, "family_id": null}
Sending: {"id": 4867971135, "name": "Samuel", "birth": "29-2-1812", "parent_id": null, "family_id": null}
Sending: {"id": 4868310689, "name": "Camila", "birth": "26-6-1907", "parent_id": null, "family_id": null}
Sending: {"id": 4866567645, "name": "Mateo", "birth": "9-4-1954", "parent_id": null, "family_id": null}
Sending: {"id": 4869613255, "name": "Zoey", "birth": "4-4-1826", "parent_id": null, "family_id": null}
Sending: {"id": 4865619993, "name": "Logan", "birth": "17-6-1775", "parent_id": null, "family_id": 5019484607}
Sending: {"id": 4869273701, "name": "Ethan", "birth": "7-2-1885", "parent_id": null, "family_id": null}
Current: active threads / max count: 1 / 10
Request: /family/5021751977
Sending: {"id": 5021751977, "husband_id": 4887804641, "wife_id": 4888142147, "children": [4888489893, 4889106951, 4890493289, 4890841035, 4883186129]}
Current: active threads / max count: 1 / 10
Request: /person/4888142147
Current: active threads / max count: 2 / 10
Request: /person/4887804641
Current: active threads / max count: 3 / 10
Request: /person/4888489893
Current: active threads / max count: 4 / 10
Request: /person/4889106951
Current: active threads / max count: 5 / 10
Request: /person/4890841035
Current: active threads / max count: 6 / 10
Request: /person/4890493289
Sending: {"id": 4890841035, "name": "Joshua", "birth": "27-11-1912", "parent_id": null, "family_id": null}
Sending: {"id": 4890493289, "name": "Emily", "birth": "4-12-1888", "parent_id": null, "family_id": null}
Sending: {"id": 4888142147, "name": "Charlotte", "birth": "27-5-1773", "parent_id": null, "family_id": 5021751977}
Sending: {"id": 4887804641, "name": "Julian", "birth": "8-8-1771", "parent_id": null, "family_id": 5021751977}
Sending: {"id": 4888489893, "name": "Olivia", "birth": "12-3-1828", "parent_id": null, "family_id": null}
Sending: {"id": 4889106951, "name": "Theodore", "birth": "2-2-2015", "parent_id": null, "family_id": null}
Current: active threads / max count: 1 / 10
Request: /family/5023138059
Sending: {"id": 5023138059, "husband_id": 4891458093, "wife_id": 4891795599, "children": [4892143601, 4892760659, 4894146741, 4894494487, 4895111801, 4895449307, 4883532851]}
Current: active threads / max count: 1 / 10
Request: /person/4891458093
Current: active threads / max count: 2 / 10
Request: /person/4892760659
Current: active threads / max count: 3 / 10
Request: /person/4891795599
Current: active threads / max count: 4 / 10
Request: /person/4892143601
Current: active threads / max count: 5 / 10
Request: /person/4894146741
Current: active threads / max count: 6 / 10
Request: /person/4894494487
Current: active threads / max count: 7 / 10
Request: /person/4895111801
Current: active threads / max count: 8 / 10
Request: /person/4895449307
Sending: {"id": 4891458093, "name": "Leo", "birth": "24-6-1775", "parent_id": null, "family_id": 5023138059}
Sending: {"id": 4892760659, "name": "Layla", "birth": "28-3-1986", "parent_id": null, "family_id": null}
Sending: {"id": 4891795599, "name": "Emily", "birth": "11-10-1891", "parent_id": null, "family_id": 5023138059}
Sending: {"id": 4892143601, "name": "Riley", "birth": "14-1-1950", "parent_id": null, "family_id": null}
Sending: {"id": 4894146741, "name": "Michael", "birth": "23-2-1783", "parent_id": null, "family_id": null}
Sending: {"id": 4894494487, "name": "Lucas", "birth": "13-4-1832", "parent_id": null, "family_id": null}
Sending: {"id": 4895449307, "name": "Stella", "birth": "28-11-1816", "parent_id": null, "family_id": null}
Sending: {"id": 4895111801, "name": "Abigail", "birth": "20-3-1757", "parent_id": null, "family_id": null}
Current: active threads / max count: 1 / 10
Request: /family/5024103119
Sending: {"id": 5024103119, "husband_id": 4831993895, "wife_id": 4832603785, "children": [4832957931, 4834345037, 4896059197]}
Current: active threads / max count: 1 / 10
Request: /person/4832603785
Current: active threads / max count: 2 / 10
Request: /person/4831993895
Current: active threads / max count: 3 / 10
Request: /person/4834345037
Current: active threads / max count: 4 / 10
Request: /person/4832957931
Sending: {"id": 4831993895, "name": "Christopher", "birth": "8-7-1886", "parent_id": null, "family_id": 5024103119}
Sending: {"id": 4832957931, "name": "Zoey", "birth": "6-10-1833", "parent_id": null, "family_id": null}
Sending: {"id": 4834345037, "name": "Jayden", "birth": "14-11-1777", "parent_id": null, "family_id": null}
Sending: {"id": 4832603785, "name": "Leah", "birth": "18-11-1893", "parent_id": null, "family_id": 5024103119}
Current: active threads / max count: 1 / 10
Request: /family/5024440625
Sending: {"id": 5024440625, "husband_id": 4834954927, "wife_id": 4835308817, "children": [4835647603, 4836257493, 4836611383, 4896413087]}
Current: active threads / max count: 1 / 10
Request: /person/4835308817
Current: active threads / max count: 2 / 10
Request: /person/4834954927
Current: active threads / max count: 3 / 10
Request: /person/4836611383
Current: active threads / max count: 4 / 10
Request: /person/4835647603
Current: active threads / max count: 5 / 10
Request: /person/4836257493
Sending: {"id": 4835308817, "name": "Lily", "birth": "23-2-1913", "parent_id": null, "family_id": 5024440625}
Sending: {"id": 4834954927, "name": "Logan", "birth": "30-10-1998", "parent_id": null, "family_id": 5024440625}
Sending: {"id": 4836611383, "name": "Ellie", "birth": "25-1-1772", "parent_id": null, "family_id": null}
Sending: {"id": 4835647603, "name": "Abigail", "birth": "2-3-1975", "parent_id": null, "family_id": null}
Sending: {"id": 4836257493, "name": "Victoria", "birth": "28-9-1780", "parent_id": null, "family_id": null}
Current: active threads / max count: 1 / 10
Request: /family/5026791767
Sending: {"id": 5026791767, "husband_id": 4846269685, "wife_id": 4846871383, "children": [4847217081, 4847571995, 4848173949, 4849568223, 4850185281, 4850524835, 4850870533, 4851487847, 4840866789]}
Current: active threads / max count: 1 / 10
Request: /person/4846871383
Current: active threads / max count: 2 / 10
Request: /person/4846269685
Current: active threads / max count: 3 / 10
Request: /person/4848173949
Current: active threads / max count: 4 / 10
Request: /person/4847571995
Current: active threads / max count: 5 / 10
Request: /person/4847217081
Current: active threads / max count: 6 / 10
Request: /person/4850524835
Current: active threads / max count: 7 / 10
Request: /person/4849568223
Current: active threads / max count: 8 / 10
Request: /person/4850870533
Current: active threads / max count: 9 / 10
Request: /person/4850185281
Current: active threads / max count: 10 / 10
Request: /person/4851487847
Sending: {"id": 4846871383, "name": "Riley", "birth": "14-10-1842", "parent_id": null, "family_id": 5026791767}
Sending: {"id": 4846269685, "name": "Logan", "birth": "6-3-1921", "parent_id": null, "family_id": 5026791767}
Sending: {"id": 4847217081, "name": "Dylan", "birth": "30-6-1996", "parent_id": null, "family_id": null}
Sending: {"id": 4847571995, "name": "Harper", "birth": "17-7-1795", "parent_id": null, "family_id": null}
Sending: {"id": 4850185281, "name": "Aria", "birth": "16-10-1871", "parent_id": null, "family_id": null}
Sending: {"id": 4851487847, "name": "Mila", "birth": "6-11-1761", "parent_id": null, "family_id": null}
Sending: {"id": 4848173949, "name": "Wyatt", "birth": "10-2-1831", "parent_id": null, "family_id": null}
Sending: {"id": 4850524835, "name": "Ella", "birth": "11-2-1894", "parent_id": null, "family_id": null}
Sending: {"id": 4849568223, "name": "Charlotte", "birth": "22-9-1916", "parent_id": null, "family_id": null}
Sending: {"id": 4850870533, "name": "Ellie", "birth": "28-9-1784", "parent_id": null, "family_id": null}
Current: active threads / max count: 1 / 10
Request: /family/5027139513
Sending: {"id": 5027139513, "husband_id": 4851827401, "wife_id": 4853221675, "children": [4853839757, 4854178543, 4854524241, 4855142323, 4855480853, 4856875383, 4842262087]}
Current: active threads / max count: 1 / 10
Request: /person/4853221675
Current: active threads / max count: 2 / 10
Request: /person/4854524241
Current: active threads / max count: 3 / 10
Request: /person/4854178543
Current: active threads / max count: 4 / 10
Request: /person/4851827401
Current: active threads / max count: 5 / 10
Request: /person/4853839757
Current: active threads / max count: 6 / 10
Request: /person/4855480853
Current: active threads / max count: 7 / 10
Request: /person/4855142323
Current: active threads / max count: 8 / 10
Request: /person/4856875383
Sending: {"id": 4853221675, "name": "Hannah", "birth": "25-10-1884", "parent_id": null, "family_id": 5027139513}
Sending: {"id": 4854524241, "name": "Jaxon", "birth": "13-11-2008", "parent_id": null, "family_id": null}
Sending: {"id": 4855142323, "name": "Hazel", "birth": "19-2-1986", "parent_id": null, "family_id": null}
Sending: {"id": 4854178543, "name": "Henry", "birth": "28-10-1969", "parent_id": null, "family_id": null}
Sending: {"id": 4856875383, "name": "Gabriel", "birth": "8-4-1996", "parent_id": null, "family_id": null}
Sending: {"id": 4855480853, "name": "Hazel", "birth": "24-2-1827", "parent_id": null, "family_id": null}
Sending: {"id": 4853839757, "name": "Penelope", "birth": "29-12-2011", "parent_id": null, "family_id": null}
Sending: {"id": 4851827401, "name": "John", "birth": "20-2-1797", "parent_id": null, "family_id": 5027139513}
Current: active threads / max count: 1 / 10
Request: /family/5028094333
Sending: {"id": 5028094333, "husband_id": 4862093545, "wife_id": 4862449483, "children": [4862795181, 4863395855, 4864800625, 4865146323, 4932855861, 4933211799, 4933557753, 4857493465]}
Current: active threads / max count: 1 / 10
Request: /person/4862449483
Current: active threads / max count: 2 / 10
Request: /person/4862093545
Current: active threads / max count: 3 / 10
Request: /person/4862795181
Current: active threads / max count: 4 / 10
Request: /person/4863395855
Current: active threads / max count: 5 / 10
Current: active threads / max count: 6 / 10
Request: /person/4865146323
Request: /person/4864800625
Current: active threads / max count: 7 / 10
Request: /person/4932855861
Current: active threads / max count: 8 / 10
Request: /person/4933211799
Current: active threads / max count: 9 / 10
Request: /person/4933557753
Sending: {"id": 4862449483, "name": "Ellie", "birth": "24-10-1779", "parent_id": null, "family_id": 5028094333}
Sending: {"id": 4862093545, "name": "Aiden", "birth": "16-12-1892", "parent_id": null, "family_id": 5028094333}
Sending: {"id": 4862795181, "name": "Jackson", "birth": "26-4-1889", "parent_id": null, "family_id": null}
Sending: {"id": 4865146323, "name": "Anthony", "birth": "18-11-1890", "parent_id": null, "family_id": null}
Sending: {"id": 4863395855, "name": "Riley", "birth": "17-5-1963", "parent_id": null, "family_id": null}
Sending: {"id": 4864800625, "name": "Theodore", "birth": "2-9-1771", "parent_id": null, "family_id": null}
Sending: {"id": 4933211799, "name": "Ezra", "birth": "20-5-1804", "parent_id": null, "family_id": null}
Sending: {"id": 4933557753, "name": "Jayden", "birth": "21-7-1929", "parent_id": null, "family_id": null}
Sending: {"id": 4932855861, "name": "Lincoln", "birth": "2-3-1796", "parent_id": null, "family_id": null}
Current: active threads / max count: 1 / 10
Request: /family/5028704223
Sending: {"id": 5028704223, "husband_id": 4934158427, "wife_id": 4935562941, "children": [4936170783, 4936510337, 4936865507, 4937473349, 4857831995]}
Current: active threads / max count: 1 / 10
Request: /person/4935562941
Current: active threads / max count: 2 / 10
Request: /person/4934158427
Current: active threads / max count: 3 / 10
Request: /person/4936510337
Current: active threads / max count: 4 / 10
Request: /person/4936170783
Current: active threads / max count: 5 / 10
Request: /person/4937473349
Current: active threads / max count: 6 / 10
Request: /person/4936865507
Sending: {"id": 4935562941, "name": "Avery", "birth": "1-3-1859", "parent_id": null, "family_id": 5028704223}
Sending: {"id": 4934158427, "name": "Julian", "birth": "16-3-1814", "parent_id": null, "family_id": 5028704223}
Sending: {"id": 4936510337, "name": "Daniel", "birth": "8-7-1904", "parent_id": null, "family_id": null}
Sending: {"id": 4936170783, "name": "Gabriel", "birth": "23-4-2013", "parent_id": null, "family_id": null}
Sending: {"id": 4937473349, "name": "Bella", "birth": "15-3-1832", "parent_id": null, "family_id": null}
Sending: {"id": 4936865507, "name": "Anthony", "birth": "14-6-1816", "parent_id": null, "family_id": null}
Current: active threads / max count: 1 / 10
Request: /family/5031410279
Sending: {"id": 5031410279, "husband_id": 4952427223, "wife_id": 4953043257, "children": [4954439579, 4955040509, 4955394399, 4947471205]}
Current: active threads / max count: 1 / 10
Request: /person/4953043257
Current: active threads / max count: 2 / 10
Current: active threads / max count: 3 / 10
Request: /person/4952427223
Request: /person/4955040509
Current: active threads / max count: 4 / 10
Request: /person/4954439579
Current: active threads / max count: 5 / 10
Request: /person/4955394399
Sending: {"id": 4955040509, "name": "Zoey", "birth": "25-1-1811", "parent_id": null, "family_id": null}
Sending: {"id": 4954439579, "name": "Aiden", "birth": "19-2-1769", "parent_id": null, "family_id": null}
Sending: {"id": 4955394399, "name": "Mia", "birth": "19-9-1833", "parent_id": null, "family_id": null}
Sending: {"id": 4953043257, "name": "Avery", "birth": "17-10-1978", "parent_id": null, "family_id": 5031410279}
Sending: {"id": 4952427223, "name": "Wyatt", "birth": "23-10-1850", "parent_id": null, "family_id": 5031410279}
Current: active threads / max count: 1 / 10
Request: /family/5031747785
Sending: {"id": 5031747785, "husband_id": 4955742145, "wife_id": 4956342819, "children": [4956696709, 4958093287, 4958693961, 4948087239]}
Current: active threads / max count: 1 / 10
Request: /person/4955742145
Current: active threads / max count: 2 / 10
Request: /person/4956342819
Current: active threads / max count: 3 / 10
Request: /person/4956696709
Current: active threads / max count: 4 / 10
Request: /person/4958693961
Current: active threads / max count: 5 / 10
Request: /person/4958093287
Sending: {"id": 4956342819, "name": "Charlotte", "birth": "9-8-1835", "parent_id": null, "family_id": 5031747785}
Sending: {"id": 4955742145, "name": "Carter", "birth": "16-3-1988", "parent_id": null, "family_id": 5031747785}
Sending: {"id": 4958693961, "name": "Mia", "birth": "3-10-1933", "parent_id": null, "family_id": null}
Sending: {"id": 4956696709, "name": "Ella", "birth": "23-1-1898", "parent_id": null, "family_id": null}
Sending: {"id": 4958093287, "name": "Harper", "birth": "11-11-1878", "parent_id": null, "family_id": null}
Current: active threads / max count: 1 / 10
Request: /family/5032711565
Sending: {"id": 5032711565, "husband_id": 4964614015, "wife_id": 4966000097, "children": [4899246147, 4899856037, 4900193543, 4900548713, 4959047851]}
Current: active threads / max count: 1 / 10
Request: /person/4966000097
Current: active threads / max count: 2 / 10
Request: /person/4964614015
Current: active threads / max count: 3 / 10
Request: /person/4899246147
Current: active threads / max count: 4 / 10
Request: /person/4899856037
Current: active threads / max count: 5 / 10
Request: /person/4900548713
Current: active threads / max count: 6 / 10
Request: /person/4900193543
Sending: {"id": 4964614015, "name": "Carter", "birth": "5-5-1927", "parent_id": null, "family_id": 5032711565}
Sending: {"id": 4966000097, "name": "Stella", "birth": "8-3-1776", "parent_id": null, "family_id": 5032711565}
Sending: {"id": 4899856037, "name": "Lillian", "birth": "4-10-1881", "parent_id": null, "family_id": null}
Sending: {"id": 4899246147, "name": "Alexander", "birth": "3-11-1832", "parent_id": null, "family_id": null}
Sending: {"id": 4900548713, "name": "Addison", "birth": "6-12-1929", "parent_id": null, "family_id": null}
Sending: {"id": 4900193543, "name": "Gabriel", "birth": "30-10-1814", "parent_id": null, "family_id": null}
Current: active threads / max count: 1 / 10
Request: /family/4966990063
Sending: {"id": 4966990063, "husband_id": 4901158603, "wife_id": 4902544685, "children": [4902900623, 4903509745, 4959395597]}
Current: active threads / max count: 1 / 10
Request: /person/4902544685
Current: active threads / max count: 2 / 10
Request: /person/4902900623
Current: active threads / max count: 3 / 10
Request: /person/4901158603
Current: active threads / max count: 4 / 10
Request: /person/4903509745
Sending: {"id": 4902544685, "name": "Leah", "birth": "9-6-1771", "parent_id": null, "family_id": 4966990063}
Sending: {"id": 4902900623, "name": "Jack", "birth": "3-2-2018", "parent_id": null, "family_id": null}
Sending: {"id": 4901158603, "name": "Josiah", "birth": "20-1-1805", "parent_id": null, "family_id": 4966990063}
Sending: {"id": 4903509745, "name": "Carter", "birth": "24-9-1913", "parent_id": null, "family_id": null}
Current: active threads / max count: 1 / 10
Request: /family/4968292373
Sending: {"id": 4968292373, "husband_id": 4911772493, "wife_id": 4912118191, "children": [4913505297, 4914123635, 4914469333, 4914807863, 4915425945, 4915771899, 4907500703]}
Current: active threads / max count: 1 / 10
Request: /person/4914123635
Current: active threads / max count: 2 / 10
Request: /person/4914807863
Current: active threads / max count: 3 / 10
Request: /person/4912118191
Current: active threads / max count: 4 / 10
Request: /person/4911772493
Current: active threads / max count: 5 / 10
Request: /person/4913505297
Current: active threads / max count: 6 / 10
Request: /person/4914469333
Current: active threads / max count: 7 / 10
Request: /person/4915771899
Current: active threads / max count: 8 / 10
Request: /person/4915425945
Sending: {"id": 4911772493, "name": "Daniel", "birth": "11-3-2005", "parent_id": null, "family_id": 4968292373}
Sending: {"id": 4914123635, "name": "Natalie", "birth": "11-8-1819", "parent_id": null, "family_id": null}
Sending: {"id": 4914807863, "name": "Camila", "birth": "2-3-1860", "parent_id": null, "family_id": null}
Sending: {"id": 4913505297, "name": "Hudson", "birth": "15-10-1958", "parent_id": null, "family_id": null}
Sending: {"id": 4915771899, "name": "Abigail", "birth": "9-7-2011", "parent_id": null, "family_id": null}
Sending: {"id": 4914469333, "name": "Mila", "birth": "12-12-1882", "parent_id": null, "family_id": null}
Sending: {"id": 4912118191, "name": "Aubrey", "birth": "19-8-1905", "parent_id": null, "family_id": 4968292373}
Sending: {"id": 4915425945, "name": "Samuel", "birth": "7-5-1769", "parent_id": null, "family_id": null}
Current: active threads / max count: 1 / 10
Request: /family/4968902519
Sending: {"id": 4968902519, "husband_id": 4916372573, "wife_id": 4917777087, "children": [4918122785, 4918724483, 4919079653, 4919425351, 4920027049, 4921430539, 4921776493, 4922378191, 4908118785]}
Current: active threads / max count: 1 / 10
Request: /person/4916372573
Current: active threads / max count: 2 / 10
Request: /person/4918122785
Current: active threads / max count: 3 / 10
Request: /person/4919079653
Current: active threads / max count: 4 / 10
Request: /person/4917777087
Current: active threads / max count: 5 / 10
Request: /person/4919425351
Current: active threads / max count: 6 / 10
Request: /person/4918724483
Current: active threads / max count: 7 / 10
Request: /person/4920027049
Current: active threads / max count: 8 / 10
Current: active threads / max count: 9 / 10
Request: /person/4921776493
Request: /person/4921430539
Current: active threads / max count: 10 / 10
Request: /person/4922378191
Sending: {"id": 4916372573, "name": "Hudson", "birth": "5-9-1814", "parent_id": null, "family_id": 4968902519}
Sending: {"id": 4918724483, "name": "Avery", "birth": "17-11-1970", "parent_id": null, "family_id": null}
Sending: {"id": 4919079653, "name": "Mia", "birth": "13-4-1879", "parent_id": null, "family_id": null}
Sending: {"id": 4919425351, "name": "Logan", "birth": "17-3-1837", "parent_id": null, "family_id": null}
Sending: {"id": 4917777087, "name": "Ella", "birth": "9-9-1996", "parent_id": null, "family_id": 4968902519}
Sending: {"id": 4918122785, "name": "Mia", "birth": "3-11-1786", "parent_id": null, "family_id": null}
Sending: {"id": 4920027049, "name": "Jack", "birth": "27-9-1808", "parent_id": null, "family_id": null}
Sending: {"id": 4921430539, "name": "Sebastian", "birth": "1-4-1933", "parent_id": null, "family_id": null}
Sending: {"id": 4921776493, "name": "Owen", "birth": "3-8-1846", "parent_id": null, "family_id": null}
Sending: {"id": 4922378191, "name": "Carter", "birth": "25-3-1985", "parent_id": null, "family_id": null}
Current: active threads / max count: 1 / 10
Request: /family/4970643515
Sending: {"id": 4970643515, "husband_id": 4926994655, "wife_id": 4927334209, "children": [4928728483, 4929345541, 4929685351, 4930031049, 4930648107, 4930987661, 4932382191, 4922733105]}
Current: active threads / max count: 1 / 10
Request: /person/4926994655
Current: active threads / max count: 2 / 10
Request: /person/4929345541
Current: active threads / max count: 3 / 10
Request: /person/4927334209
Current: active threads / max count: 4 / 10
Request: /person/4929685351
Current: active threads / max count: 5 / 10
Request: /person/4928728483
Current: active threads / max count: 6 / 10
Request: /person/4930031049
Current: active threads / max count: 7 / 10
Request: /person/4930987661
Current: active threads / max count: 8 / 10
Request: /person/4932382191
Current: active threads / max count: 9 / 10
Request: /person/4930648107
Sending: {"id": 4930031049, "name": "Hazel", "birth": "20-11-1775", "parent_id": null, "family_id": null}
Sending: {"id": 4929345541, "name": "Lincoln", "birth": "23-12-1990", "parent_id": null, "family_id": null}
Sending: {"id": 4927334209, "name": "Ella", "birth": "21-4-1959", "parent_id": null, "family_id": 4970643515}
Sending: {"id": 4926994655, "name": "Hudson", "birth": "13-1-1912", "parent_id": null, "family_id": 4970643515}
Sending: {"id": 4929685351, "name": "Lincoln", "birth": "29-10-1782", "parent_id": null, "family_id": null}
Sending: {"id": 4928728483, "name": "Jaxon", "birth": "1-1-1768", "parent_id": null, "family_id": null}
Sending: {"id": 4930987661, "name": "Wyatt", "birth": "27-11-1838", "parent_id": null, "family_id": null}
Sending: {"id": 4930648107, "name": "Evelyn", "birth": "1-7-1846", "parent_id": null, "family_id": null}
Sending: {"id": 4932382191, "name": "Leah", "birth": "26-8-1978", "parent_id": null, "family_id": null}
Current: active threads / max count: 1 / 10
Request: /family/4971253405
Sending: {"id": 4971253405, "husband_id": 5268543569, "wife_id": 5268883123, "children": [5269228821, 5269846135, 5270185689, 5270793531, 4923078803]}
Current: active threads / max count: 1 / 10
Request: /person/5268543569
Current: active threads / max count: 2 / 10
Request: /person/5270185689
Current: active threads / max count: 3 / 10
Request: /person/5270793531
Current: active threads / max count: 4 / 10
Request: /person/5268883123
Current: active threads / max count: 5 / 10
Request: /person/5269228821
Current: active threads / max count: 6 / 10
Request: /person/5269846135
Sending: {"id": 5270185689, "name": "Lucas", "birth": "15-2-1924", "parent_id": null, "family_id": null}
Sending: {"id": 5268543569, "name": "Carter", "birth": "25-4-1994", "parent_id": null, "family_id": 4971253405}
Sending: {"id": 5270793531, "name": "Ellie", "birth": "12-12-1936", "parent_id": null, "family_id": null}
Sending: {"id": 5268883123, "name": "Nora", "birth": "15-3-1788", "parent_id": null, "family_id": 4971253405}
Sending: {"id": 5269228821, "name": "Carter", "birth": "12-9-1970", "parent_id": null, "family_id": null}
Sending: {"id": 5269846135, "name": "Amelia", "birth": "18-6-1965", "parent_id": null, "family_id": null}
Current: active threads / max count: 1 / 10
Request: /end
################################################################################
Total number of people  : 446
Total number of families: 63
Number of generations   : 6
Families were requested in this order:
1, 2, 33, 3, 18, 34, 49, 4, 11, 19, 26, 35, 42, 50, 57, 5, 8, 12, 15, 20, 23, 27, 30, 36, 39, 43, 46, 51, 54, 58, 61, 6, 7, 9, 10, 13, 14, 16, 17, 21, 22, 24, 25, 28, 29, 31, 32, 37, 38, 40, 41, 44, 45, 47, 48, 52, 53, 55, 56, 59, 60, 62, 63
Total number of API calls: 511
Final thread count (max count): 10
################################################################################
Sending: {"status": "OK", "people": 446, "families": 63, "api": 511, "threads": 10}
Current: active threads / max count: 1 / 10
Request: /start/6
Creating family tree with 6 generations...
Number of people  : 443
Number of families: 63
Sending: {"status":"OK"}
Current: active threads / max count: 1 / 1
Request: /end
################################################################################
Total number of people  : 443
Total number of families: 63
Number of generations   : 6
Families were requested in this order:

Total number of API calls: 2
Final thread count (max count): 1
################################################################################
Sending: {"status": "OK", "people": 443, "families": 63, "api": 2, "threads": 1}
