22:18:26| --------------------------------------------------------------------------------
22:18:26| Primes: 0
22:18:26|  
22:18:26| --------------------------------------------------------------------------------
22:18:26| Words: 0
22:18:26|  
22:18:26| --------------------------------------------------------------------------------
22:18:26| Uppercase: 0
22:18:26|  
22:18:26| --------------------------------------------------------------------------------
22:18:26| Sums: 0
22:18:26|  
22:18:26| --------------------------------------------------------------------------------
22:18:26| Names: 0
22:18:26|  
22:18:26| Number of Primes tasks: 0
22:18:26| Number of Words tasks: 0
22:18:26| Number of Uppercase tasks: 0
22:18:26| Number of Sums tasks: 0
22:18:26| Number of Names tasks: 0
22:18:26| Total time to process 0 tasks = 0.00046008
