22:33:09| --------------------------------------------------------------------------------
22:33:09| Primes: 0
22:33:09|  
22:33:09| --------------------------------------------------------------------------------
22:33:09| Words: 0
22:33:09|  
22:33:09| --------------------------------------------------------------------------------
22:33:09| Uppercase: 0
22:33:09|  
22:33:09| --------------------------------------------------------------------------------
22:33:09| Sums: 0
22:33:09|  
22:33:09| --------------------------------------------------------------------------------
22:33:09| Names: 0
22:33:09|  
22:33:09| Number of Primes tasks: 0
22:33:09| Number of Words tasks: 0
22:33:09| Number of Uppercase tasks: 0
22:33:09| Number of Sums tasks: 0
22:33:09| Number of Names tasks: 0
22:33:09| Total time to process 0 tasks = 0.00050496
